,total_excess
0,0.0
1,0.03333333333333333
2,0.06666666666666667
3,0.1
4,0.12
5,0.13333333333333333
6,0.16
7,0.18666666666666668
8,0.2
9,0.22666666666666666
10,0.24
11,0.24
12,0.24666666666666667
13,0.26
14,0.26
15,0.26666666666666666
16,0.2866666666666667
17,0.29333333333333333
18,0.3
19,0.32
20,0.32
21,0.31333333333333335
22,0.32666666666666666
23,0.32666666666666666
24,0.3333333333333333
25,0.3466666666666667
26,0.3466666666666667
27,0.35333333333333333
28,0.3466666666666667
29,0.35333333333333333
30,0.37333333333333335
31,0.38
32,0.38
33,0.38
34,0.3933333333333333
35,0.4
36,0.41333333333333333
37,0.42
38,0.42
39,0.43333333333333335
40,0.43333333333333335
41,0.44
42,0.44
43,0.44
44,0.4266666666666667
45,0.42333333333333334
46,0.4266666666666667
47,0.43333333333333335
48,0.42
49,0.43333333333333335
50,0.43333333333333335
51,0.44
52,0.4666666666666667
53,0.44666666666666666
54,0.4533333333333333
55,0.47333333333333333
56,0.49
57,0.4766666666666667
58,0.48333333333333334
59,0.48333333333333334
60,0.5
61,0.5
62,0.49333333333333335
63,0.4866666666666667
64,0.4866666666666667
65,0.48
66,0.4866666666666667
67,0.5066666666666667
68,0.5
69,0.5
70,0.5133333333333333
71,0.5033333333333333
72,0.48333333333333334
73,0.4866666666666667
74,0.47333333333333333
75,0.49333333333333335
76,0.5033333333333333
77,0.49333333333333335
78,0.49333333333333335
79,0.4866666666666667
80,0.48333333333333334
81,0.47
82,0.48
83,0.45666666666666667
84,0.45
85,0.45
86,0.4633333333333333
87,0.47333333333333333
88,0.51
89,0.5233333333333333
90,0.5166666666666667
91,0.52
92,0.5466666666666666
93,0.5366666666666666
94,0.5266666666666666
95,0.5233333333333333
96,0.5233333333333333
97,0.5233333333333333
98,0.5333333333333333
99,0.5533333333333333
100,0.5433333333333333
101,0.5233333333333333
102,0.52
103,0.5333333333333333
104,0.52
105,0.5
106,0.51
107,0.49666666666666665
108,0.5033333333333333
109,0.51
110,0.52
111,0.51
112,0.5166666666666667
113,0.5233333333333333
114,0.5066666666666667
115,0.5033333333333333
116,0.51
117,0.52
118,0.51
119,0.5033333333333333
120,0.48333333333333334
121,0.4866666666666667
122,0.4866666666666667
123,0.49333333333333335
124,0.5166666666666667
125,0.5266666666666666
126,0.5233333333333333
127,0.5233333333333333
128,0.5166666666666667
129,0.5166666666666667
130,0.5333333333333333
131,0.5133333333333333
132,0.5066666666666667
133,0.49333333333333335
134,0.5166666666666667
135,0.5166666666666667
136,0.5466666666666666
137,0.54
138,0.5366666666666666
139,0.5233333333333333
140,0.5166666666666667
141,0.54
142,0.56
143,0.5666666666666667
144,0.5633333333333334
145,0.58
146,0.5666666666666667
147,0.5566666666666666
148,0.5666666666666667
149,0.5566666666666666
150,0.5666666666666667
151,0.5466666666666666
152,0.5666666666666667
153,0.5433333333333333
154,0.5333333333333333
155,0.55
156,0.5566666666666666
157,0.55
158,0.57
159,0.5633333333333334
160,0.5666666666666667
161,0.5633333333333334
162,0.57
163,0.5866666666666667
164,0.57
165,0.55
166,0.54
167,0.5733333333333334
168,0.5666666666666667
169,0.5433333333333333
170,0.5266666666666666
171,0.5366666666666666
172,0.53
173,0.52
174,0.52
175,0.53
176,0.52
177,0.53
178,0.51
179,0.5066666666666667
180,0.5
181,0.48
182,0.4633333333333333
183,0.49333333333333335
184,0.51
185,0.5266666666666666
186,0.49666666666666665
187,0.5033333333333333
188,0.49
189,0.48333333333333334
190,0.5033333333333333
191,0.49666666666666665
192,0.5133333333333333
193,0.52
194,0.5366666666666666
195,0.5633333333333334
196,0.55
197,0.5633333333333334
198,0.5566666666666666
199,0.5533333333333333
200,0.5533333333333333
201,0.56
202,0.5566666666666666
203,0.5433333333333333
204,0.5466666666666666
205,0.5466666666666666
206,0.5366666666666666
207,0.5333333333333333
208,0.5233333333333333
209,0.49
210,0.5
211,0.5166666666666667
212,0.53
213,0.55
214,0.5566666666666666
215,0.56
216,0.5833333333333334
217,0.5666666666666667
218,0.5666666666666667
219,0.5633333333333334
220,0.5533333333333333
221,0.54
222,0.5266666666666666
223,0.5366666666666666
224,0.5366666666666666
225,0.52
226,0.5166666666666667
227,0.5
228,0.5266666666666666
229,0.5033333333333333
230,0.5366666666666666
231,0.5233333333333333
232,0.5233333333333333
233,0.52
234,0.5233333333333333
235,0.5433333333333333
236,0.55
237,0.56
238,0.5766666666666667
239,0.5666666666666667
240,0.5666666666666667
241,0.55
242,0.5766666666666667
243,0.57
244,0.5466666666666666
245,0.56
246,0.5866666666666667
247,0.5766666666666667
248,0.5633333333333334
249,0.5766666666666667
250,0.5666666666666667
251,0.5633333333333334
252,0.56
253,0.5566666666666666
254,0.56
255,0.5533333333333333
256,0.54
257,0.56
258,0.56
259,0.5733333333333334
260,0.5933333333333334
261,0.6166666666666667
262,0.6266666666666667
263,0.6233333333333333
264,0.62
265,0.62
266,0.5966666666666667
267,0.6066666666666667
268,0.61
269,0.6066666666666667
270,0.59
271,0.5966666666666667
272,0.58
273,0.5666666666666667
274,0.58
275,0.5833333333333334
276,0.5733333333333334
277,0.5566666666666666
278,0.58
279,0.5633333333333334
280,0.5333333333333333
281,0.5366666666666666
282,0.5266666666666666
283,0.5333333333333333
284,0.54
285,0.52
286,0.5333333333333333
287,0.5133333333333333
288,0.5333333333333333
289,0.5466666666666666
290,0.53
291,0.5466666666666666
292,0.5566666666666666
293,0.5533333333333333
294,0.58
295,0.6066666666666667
296,0.5966666666666667
297,0.6066666666666667
298,0.6266666666666667
299,0.6133333333333333
300,0.6033333333333334
301,0.5933333333333334
302,0.6066666666666667
303,0.5866666666666667
304,0.5966666666666667
305,0.5933333333333334
306,0.62
307,0.6266666666666667
308,0.59
309,0.6
310,0.5933333333333334
311,0.5633333333333334
312,0.5566666666666666
313,0.56
314,0.5633333333333334
315,0.5566666666666666
316,0.55
317,0.5466666666666666
318,0.5433333333333333
319,0.54
320,0.5566666666666666
321,0.5433333333333333
322,0.54
323,0.5533333333333333
324,0.56
325,0.5666666666666667
326,0.5633333333333334
327,0.55
328,0.5433333333333333
329,0.5166666666666667
330,0.49333333333333335
331,0.49666666666666665
332,0.49666666666666665
333,0.51
334,0.5133333333333333
335,0.5233333333333333
336,0.5166666666666667
337,0.52
338,0.51
339,0.51
340,0.48
341,0.5033333333333333
342,0.5366666666666666
343,0.5266666666666666
344,0.5066666666666667
345,0.5133333333333333
346,0.5066666666666667
347,0.49666666666666665
348,0.5033333333333333
349,0.5133333333333333
350,0.5166666666666667
351,0.5166666666666667
352,0.5033333333333333
353,0.4766666666666667
354,0.4866666666666667
355,0.49333333333333335
356,0.49666666666666665
357,0.51
358,0.5266666666666666
359,0.5633333333333334
360,0.5733333333333334
361,0.5566666666666666
362,0.5566666666666666
363,0.55
364,0.5466666666666666
365,0.5433333333333333
366,0.5466666666666666
367,0.54
368,0.55
369,0.5733333333333334
370,0.5833333333333334
371,0.59
372,0.59
373,0.5833333333333334
374,0.5666666666666667
375,0.56
376,0.5733333333333334
377,0.55
378,0.5433333333333333
379,0.5633333333333334
380,0.57
381,0.5733333333333334
382,0.57
383,0.5666666666666667
384,0.59
385,0.59
386,0.6033333333333334
387,0.6033333333333334
388,0.59
389,0.5833333333333334
390,0.5866666666666667
391,0.5833333333333334
392,0.5633333333333334
393,0.5633333333333334
394,0.56
395,0.5533333333333333
396,0.5533333333333333
397,0.5566666666666666
398,0.5533333333333333
399,0.5866666666666667
400,0.5866666666666667
401,0.5533333333333333
402,0.55
403,0.5466666666666666
404,0.54
405,0.5666666666666667
406,0.5633333333333334
407,0.5533333333333333
408,0.5433333333333333
409,0.5166666666666667
410,0.5233333333333333
411,0.5133333333333333
412,0.52
413,0.49666666666666665
414,0.5033333333333333
415,0.52
416,0.54
417,0.5233333333333333
418,0.5366666666666666
419,0.5366666666666666
420,0.5466666666666666
421,0.54
422,0.5633333333333334
423,0.5466666666666666
424,0.5466666666666666
425,0.59
426,0.5833333333333334
427,0.5833333333333334
428,0.5966666666666667
429,0.5733333333333334
430,0.55
431,0.5466666666666666
432,0.5266666666666666
433,0.5066666666666667
434,0.5133333333333333
435,0.52
436,0.5233333333333333
437,0.49
438,0.5266666666666666
439,0.5033333333333333
440,0.51
441,0.53
442,0.5166666666666667
443,0.5133333333333333
444,0.5333333333333333
445,0.5433333333333333
446,0.5233333333333333
447,0.5333333333333333
448,0.5266666666666666
449,0.5133333333333333
450,0.5333333333333333
451,0.54
452,0.5333333333333333
453,0.5266666666666666
454,0.51
455,0.51
456,0.49666666666666665
457,0.49333333333333335
458,0.5033333333333333
459,0.5166666666666667
460,0.54
461,0.5333333333333333
462,0.51
463,0.52
464,0.51
465,0.5233333333333333
466,0.53
467,0.54
468,0.5333333333333333
469,0.53
470,0.5333333333333333
471,0.5433333333333333
472,0.5666666666666667
473,0.59
474,0.58
475,0.5833333333333334
476,0.5766666666666667
477,0.5766666666666667
478,0.5733333333333334
479,0.6
480,0.5866666666666667
481,0.5966666666666667
482,0.5766666666666667
483,0.5733333333333334
484,0.5666666666666667
485,0.5666666666666667
486,0.5633333333333334
487,0.5533333333333333
488,0.57
489,0.5833333333333334
490,0.5766666666666667
491,0.5866666666666667
492,0.6033333333333334
493,0.6366666666666667
494,0.6333333333333333
495,0.6333333333333333
496,0.6
497,0.6033333333333334
498,0.5766666666666667
499,0.57
500,0.5533333333333333
501,0.5633333333333334
502,0.5566666666666666
503,0.56
504,0.5666666666666667
505,0.58
506,0.5666666666666667
507,0.58
508,0.55
509,0.5533333333333333
510,0.54
511,0.5333333333333333
512,0.54
513,0.5333333333333333
514,0.54
515,0.57
516,0.5933333333333334
517,0.5966666666666667
518,0.6033333333333334
519,0.6166666666666667
520,0.6166666666666667
521,0.5933333333333334
522,0.6033333333333334
523,0.5966666666666667
524,0.57
525,0.59
526,0.5866666666666667
527,0.6033333333333334
528,0.6033333333333334
529,0.5966666666666667
530,0.5966666666666667
531,0.5833333333333334
532,0.5666666666666667
533,0.5566666666666666
534,0.55
535,0.57
536,0.5633333333333334
537,0.5666666666666667
538,0.5566666666666666
539,0.6
540,0.6
541,0.59
542,0.6
543,0.5833333333333334
544,0.5666666666666667
545,0.59
546,0.5833333333333334
547,0.5933333333333334
548,0.59
549,0.6133333333333333
550,0.56
551,0.5533333333333333
552,0.56
553,0.5233333333333333
554,0.5333333333333333
555,0.52
556,0.52
557,0.49333333333333335
558,0.49333333333333335
559,0.4866666666666667
560,0.4866666666666667
561,0.5066666666666667
562,0.5033333333333333
563,0.5366666666666666
564,0.5433333333333333
565,0.53
566,0.54
567,0.5333333333333333
568,0.5133333333333333
569,0.49666666666666665
570,0.5033333333333333
571,0.5066666666666667
572,0.5066666666666667
573,0.5066666666666667
574,0.53
575,0.5366666666666666
576,0.5366666666666666
577,0.5233333333333333
578,0.54
579,0.54
580,0.5433333333333333
581,0.5366666666666666
582,0.5366666666666666
583,0.52
584,0.52
585,0.49666666666666665
586,0.5133333333333333
587,0.51
588,0.5133333333333333
589,0.5133333333333333
590,0.52
591,0.5133333333333333
592,0.5366666666666666
593,0.54
594,0.52
595,0.52
596,0.5233333333333333
597,0.54
598,0.54
599,0.52
600,0.52
601,0.5233333333333333
602,0.5033333333333333
603,0.51
604,0.51
605,0.52
606,0.5033333333333333
607,0.55
608,0.5533333333333333
609,0.5566666666666666
610,0.55
611,0.5433333333333333
612,0.5633333333333334
613,0.5733333333333334
614,0.5733333333333334
615,0.5833333333333334
616,0.58
617,0.5833333333333334
618,0.5766666666666667
619,0.5933333333333334
620,0.56
621,0.5633333333333334
622,0.5566666666666666
623,0.54
624,0.5233333333333333
625,0.5366666666666666
626,0.53
627,0.53
628,0.5433333333333333
629,0.5266666666666666
630,0.53
631,0.5266666666666666
632,0.5333333333333333
633,0.5366666666666666
634,0.5366666666666666
635,0.5366666666666666
636,0.53
637,0.5233333333333333
638,0.53
639,0.54
640,0.5333333333333333
641,0.55
642,0.5533333333333333
643,0.57
644,0.5566666666666666
645,0.5433333333333333
646,0.56
647,0.5633333333333334
648,0.5933333333333334
649,0.5566666666666666
650,0.5566666666666666
651,0.5366666666666666
652,0.53
653,0.5433333333333333
654,0.5466666666666666
655,0.5466666666666666
656,0.5533333333333333
657,0.5466666666666666
658,0.5633333333333334
659,0.5766666666666667
660,0.5766666666666667
661,0.5733333333333334
662,0.6
663,0.6166666666666667
664,0.6133333333333333
665,0.6233333333333333
666,0.6
667,0.5933333333333334
668,0.5766666666666667
669,0.6033333333333334
670,0.5933333333333334
671,0.61
672,0.61
673,0.6266666666666667
674,0.62
675,0.6066666666666667
676,0.6033333333333334
677,0.5933333333333334
678,0.5766666666666667
679,0.5833333333333334
680,0.5866666666666667
681,0.5466666666666666
682,0.5533333333333333
683,0.56
684,0.56
685,0.5533333333333333
686,0.5466666666666666
687,0.5566666666666666
688,0.5666666666666667
689,0.5933333333333334
690,0.5866666666666667
691,0.6
692,0.5966666666666667
693,0.5866666666666667
694,0.6266666666666667
695,0.6266666666666667
696,0.6466666666666666
697,0.6533333333333333
698,0.64
699,0.65
700,0.6666666666666666
701,0.6666666666666666
702,0.63
703,0.6333333333333333
704,0.6333333333333333
705,0.6366666666666667
706,0.6333333333333333
707,0.6233333333333333
708,0.6
709,0.59
710,0.59
711,0.58
712,0.5766666666666667
713,0.57
714,0.5533333333333333
715,0.5566666666666666
716,0.5866666666666667
717,0.59
718,0.5866666666666667
719,0.5933333333333334
720,0.59
721,0.5833333333333334
722,0.6
723,0.5933333333333334
724,0.58
725,0.5733333333333334
726,0.5466666666666666
727,0.5333333333333333
728,0.5366666666666666
729,0.5366666666666666
730,0.53
731,0.5333333333333333
732,0.53
733,0.5333333333333333
734,0.54
735,0.53
736,0.52
737,0.5133333333333333
738,0.49666666666666665
739,0.5033333333333333
740,0.5
741,0.49666666666666665
742,0.5
743,0.4866666666666667
744,0.4866666666666667
745,0.49666666666666665
746,0.5033333333333333
747,0.5266666666666666
748,0.54
749,0.5333333333333333
750,0.52
751,0.54
752,0.5433333333333333
753,0.5433333333333333
754,0.54
755,0.52
756,0.5166666666666667
757,0.52
758,0.5333333333333333
759,0.5433333333333333
760,0.5566666666666666
761,0.56
762,0.5533333333333333
763,0.5733333333333334
764,0.5433333333333333
765,0.5133333333333333
766,0.5266666666666666
767,0.5466666666666666
768,0.54
769,0.5633333333333334
770,0.5766666666666667
771,0.5666666666666667
772,0.5866666666666667
773,0.59
774,0.59
775,0.6
776,0.5766666666666667
777,0.5666666666666667
778,0.56
779,0.56
780,0.5766666666666667
781,0.5533333333333333
782,0.5633333333333334
783,0.57
784,0.5833333333333334
785,0.5633333333333334
786,0.55
787,0.5533333333333333
788,0.5533333333333333
789,0.55
790,0.57
791,0.5933333333333334
792,0.59
793,0.6066666666666667
794,0.5766666666666667
795,0.5833333333333334
796,0.5766666666666667
797,0.5733333333333334
798,0.5866666666666667
799,0.5733333333333334
800,0.5733333333333334
801,0.58
802,0.5666666666666667
803,0.5566666666666666
804,0.5466666666666666
805,0.5666666666666667
806,0.5666666666666667
807,0.5733333333333334
808,0.5566666666666666
809,0.55
810,0.5566666666666666
811,0.5633333333333334
812,0.5733333333333334
813,0.5766666666666667
814,0.5733333333333334
815,0.5833333333333334
816,0.5633333333333334
817,0.5733333333333334
818,0.5833333333333334
819,0.5833333333333334
820,0.58
821,0.57
822,0.5666666666666667
823,0.5533333333333333
824,0.5366666666666666
825,0.5366666666666666
826,0.5533333333333333
827,0.57
828,0.5533333333333333
829,0.5733333333333334
830,0.53
831,0.52
832,0.52
833,0.5333333333333333
834,0.54
835,0.5433333333333333
836,0.5533333333333333
837,0.5666666666666667
838,0.5766666666666667
839,0.5866666666666667
840,0.5966666666666667
841,0.5966666666666667
842,0.5766666666666667
843,0.58
844,0.5666666666666667
845,0.5533333333333333
846,0.5566666666666666
847,0.5333333333333333
848,0.5466666666666666
849,0.5466666666666666
850,0.55
851,0.5433333333333333
852,0.5433333333333333
853,0.5566666666666666
854,0.5733333333333334
855,0.5566666666666666
856,0.5566666666666666
857,0.55
858,0.5566666666666666
859,0.5366666666666666
860,0.54
861,0.51
862,0.5033333333333333
863,0.49666666666666665
864,0.51
865,0.5266666666666666
866,0.5
867,0.5233333333333333
868,0.5266666666666666
869,0.5333333333333333
870,0.5133333333333333
871,0.5033333333333333
872,0.5066666666666667
873,0.49333333333333335
874,0.5
875,0.52
876,0.5233333333333333
877,0.5466666666666666
878,0.5333333333333333
879,0.5233333333333333
880,0.53
881,0.5466666666666666
882,0.5533333333333333
883,0.5633333333333334
884,0.56
885,0.5533333333333333
886,0.5366666666666666
887,0.5
888,0.5033333333333333
889,0.49
890,0.5066666666666667
891,0.48333333333333334
892,0.4866666666666667
893,0.48333333333333334
894,0.48333333333333334
895,0.49333333333333335
896,0.48333333333333334
897,0.5033333333333333
898,0.5066666666666667
899,0.5233333333333333
900,0.5333333333333333
901,0.5333333333333333
902,0.5366666666666666
903,0.5333333333333333
904,0.5133333333333333
905,0.5033333333333333
906,0.49333333333333335
907,0.4766666666666667
908,0.46
909,0.48
910,0.4766666666666667
911,0.48
912,0.4766666666666667
913,0.4866666666666667
914,0.4633333333333333
915,0.4666666666666667
916,0.46
917,0.45666666666666667
918,0.44666666666666666
919,0.4766666666666667
920,0.47333333333333333
921,0.4666666666666667
922,0.48
923,0.49
924,0.5133333333333333
925,0.49333333333333335
926,0.4866666666666667
927,0.48
928,0.4633333333333333
929,0.45666666666666667
930,0.46
931,0.4666666666666667
932,0.47333333333333333
933,0.48
934,0.51
935,0.5233333333333333
936,0.5466666666666666
937,0.5433333333333333
938,0.5233333333333333
939,0.5266666666666666
940,0.5
941,0.5066666666666667
942,0.5233333333333333
943,0.5166666666666667
944,0.5366666666666666
945,0.54
946,0.5366666666666666
947,0.5266666666666666
948,0.5333333333333333
949,0.5466666666666666
950,0.5233333333333333
951,0.5233333333333333
952,0.5066666666666667
953,0.5033333333333333
954,0.5133333333333333
955,0.5133333333333333
956,0.52
957,0.5233333333333333
958,0.53
959,0.5366666666666666
960,0.5433333333333333
961,0.54
962,0.5233333333333333
963,0.5333333333333333
964,0.5133333333333333
965,0.52
966,0.5266666666666666
967,0.5333333333333333
968,0.5466666666666666
969,0.5466666666666666
970,0.5566666666666666
971,0.5333333333333333
972,0.5333333333333333
973,0.55
974,0.5466666666666666
975,0.5433333333333333
976,0.5366666666666666
977,0.5266666666666666
978,0.5166666666666667
979,0.52
980,0.5333333333333333
981,0.5466666666666666
982,0.5433333333333333
983,0.5333333333333333
984,0.52
985,0.55
986,0.5433333333333333
987,0.5533333333333333
988,0.5466666666666666
989,0.56
990,0.5666666666666667
991,0.5666666666666667
992,0.5433333333333333
993,0.54
994,0.52
995,0.5466666666666666
996,0.53
997,0.5533333333333333
998,0.55
999,0.5433333333333333
1000,0.55
