,M+1,M+2,M+3,M+4,M+5
0,0.0,0.0,0.0,0.0,0.0
1,0.0,0.02,0.0,0.0,0.0
2,0.0,0.06,0.0,0.0,0.0
3,0.0,0.08,0.0,0.0,0.0
4,0.0,0.12,0.0,0.0,0.0
5,0.0,0.18,0.0,0.0,0.0
6,0.0,0.18,0.0,0.0,0.0
7,0.0,0.2,0.0,0.0,0.0
8,0.0,0.16,0.0,0.0,0.0
9,0.0,0.2,0.0,0.0,0.0
10,0.0,0.2,0.0,0.0,0.0
11,0.0,0.2,0.0,0.0,0.0
12,0.0,0.24,0.0,0.0,0.0
13,0.0,0.28,0.0,0.0,0.0
14,0.0,0.28,0.0,0.0,0.0
15,0.0,0.28,0.0,0.0,0.0
16,0.0,0.32,0.0,0.0,0.0
17,0.0,0.36,0.0,0.0,0.0
18,0.0,0.4,0.0,0.0,0.0
19,0.0,0.42,0.0,0.0,0.0
20,0.0,0.44,0.0,0.0,0.0
21,0.0,0.4,0.0,0.0,0.0
22,0.0,0.34,0.02,0.02,0.0
23,0.0,0.38,0.0,0.02,0.0
24,0.0,0.42,0.0,0.04,0.0
25,0.0,0.4,0.0,0.02,0.0
26,0.0,0.38,0.0,0.04,0.0
27,0.0,0.44,0.0,0.02,0.0
28,0.0,0.42,0.0,0.02,0.0
29,0.0,0.4,0.04,0.02,0.0
30,0.0,0.38,0.04,0.02,0.0
31,0.0,0.38,0.04,0.04,0.0
32,0.0,0.32,0.06,0.06,0.0
33,0.0,0.34,0.06,0.06,0.0
34,0.0,0.32,0.06,0.06,0.0
35,0.0,0.34,0.06,0.06,0.0
36,0.0,0.36,0.02,0.08,0.0
37,0.0,0.32,0.04,0.1,0.0
38,0.0,0.32,0.0,0.12,0.0
39,0.0,0.38,0.02,0.06,0.0
40,0.0,0.38,0.02,0.08,0.0
41,0.0,0.34,0.02,0.1,0.0
42,0.0,0.36,0.04,0.06,0.0
43,0.0,0.3,0.06,0.08,0.0
44,0.0,0.24,0.06,0.12,0.0
45,0.0,0.24,0.04,0.14,0.0
46,0.0,0.26,0.06,0.16,0.0
47,0.0,0.32,0.06,0.12,0.0
48,0.0,0.28,0.08,0.12,0.0
49,0.0,0.28,0.1,0.1,0.0
50,0.0,0.34,0.06,0.12,0.0
51,0.0,0.38,0.04,0.08,0.0
52,0.0,0.34,0.06,0.1,0.0
53,0.0,0.34,0.08,0.1,0.0
54,0.0,0.36,0.08,0.08,0.0
55,0.0,0.38,0.08,0.04,0.0
56,0.0,0.3,0.12,0.08,0.0
57,0.0,0.26,0.1,0.1,0.0
58,0.0,0.28,0.08,0.06,0.0
59,0.0,0.22,0.12,0.06,0.0
60,0.0,0.28,0.1,0.06,0.0
61,0.0,0.3,0.1,0.04,0.0
62,0.0,0.32,0.1,0.04,0.0
63,0.0,0.36,0.08,0.04,0.0
64,0.0,0.34,0.12,0.02,0.0
65,0.0,0.34,0.12,0.02,0.0
66,0.0,0.36,0.12,0.04,0.02
67,0.0,0.42,0.06,0.04,0.02
68,0.0,0.44,0.04,0.04,0.02
69,0.0,0.48,0.0,0.06,0.02
70,0.0,0.4,0.0,0.08,0.04
71,0.0,0.42,0.02,0.1,0.02
72,0.0,0.36,0.04,0.12,0.02
73,0.0,0.34,0.06,0.1,0.02
74,0.0,0.28,0.08,0.12,0.02
75,0.0,0.3,0.06,0.16,0.02
76,0.0,0.26,0.04,0.2,0.02
77,0.0,0.26,0.02,0.2,0.02
78,0.0,0.28,0.04,0.2,0.0
79,0.0,0.26,0.06,0.2,0.02
80,0.0,0.28,0.1,0.14,0.02
81,0.0,0.26,0.12,0.16,0.02
82,0.0,0.28,0.12,0.16,0.0
83,0.0,0.32,0.12,0.1,0.0
84,0.0,0.32,0.16,0.1,0.0
85,0.0,0.34,0.12,0.1,0.0
86,0.0,0.4,0.06,0.12,0.0
87,0.0,0.38,0.08,0.08,0.0
88,0.0,0.36,0.04,0.1,0.0
89,0.0,0.34,0.04,0.14,0.0
90,0.0,0.34,0.04,0.12,0.0
91,0.0,0.36,0.02,0.08,0.02
92,0.0,0.38,0.02,0.06,0.0
93,0.0,0.36,0.04,0.08,0.0
94,0.0,0.36,0.02,0.1,0.02
95,0.0,0.36,0.02,0.12,0.0
96,0.0,0.32,0.02,0.16,0.02
97,0.0,0.32,0.0,0.18,0.02
98,0.0,0.34,0.02,0.16,0.02
99,0.0,0.3,0.04,0.16,0.02
100,0.0,0.26,0.04,0.14,0.02
101,0.0,0.28,0.04,0.12,0.02
102,0.0,0.34,0.02,0.1,0.02
103,0.0,0.32,0.04,0.1,0.0
104,0.0,0.3,0.04,0.14,0.02
105,0.0,0.3,0.04,0.12,0.02
106,0.0,0.3,0.04,0.12,0.0
107,0.0,0.32,0.06,0.14,0.0
108,0.0,0.22,0.06,0.16,0.02
109,0.0,0.18,0.06,0.14,0.02
110,0.0,0.24,0.04,0.14,0.02
111,0.0,0.22,0.04,0.12,0.04
112,0.0,0.22,0.04,0.1,0.06
113,0.0,0.24,0.06,0.1,0.04
114,0.0,0.24,0.04,0.1,0.04
115,0.0,0.28,0.04,0.08,0.04
116,0.0,0.24,0.06,0.12,0.04
117,0.0,0.2,0.06,0.16,0.0
118,0.0,0.18,0.1,0.16,0.0
119,0.0,0.22,0.1,0.18,0.0
120,0.0,0.24,0.12,0.16,0.0
121,0.0,0.24,0.08,0.14,0.0
122,0.0,0.28,0.08,0.14,0.0
123,0.0,0.32,0.06,0.12,0.0
124,0.0,0.3,0.04,0.14,0.02
125,0.0,0.26,0.04,0.14,0.04
126,0.0,0.26,0.04,0.12,0.06
127,0.0,0.22,0.04,0.16,0.06
128,0.0,0.24,0.04,0.14,0.06
129,0.0,0.26,0.04,0.12,0.08
130,0.0,0.3,0.02,0.14,0.06
131,0.0,0.34,0.02,0.1,0.08
132,0.0,0.32,0.02,0.08,0.08
133,0.0,0.36,0.0,0.08,0.04
134,0.0,0.34,0.02,0.1,0.04
135,0.0,0.32,0.02,0.08,0.06
136,0.0,0.26,0.06,0.1,0.06
137,0.0,0.26,0.1,0.12,0.04
138,0.0,0.26,0.1,0.1,0.04
139,0.0,0.24,0.08,0.12,0.04
140,0.0,0.24,0.08,0.12,0.02
141,0.0,0.26,0.08,0.14,0.02
142,0.0,0.24,0.08,0.18,0.06
143,0.0,0.28,0.04,0.18,0.04
144,0.0,0.28,0.04,0.18,0.08
145,0.0,0.28,0.08,0.14,0.06
146,0.0,0.28,0.06,0.12,0.06
147,0.0,0.26,0.08,0.08,0.06
148,0.0,0.3,0.08,0.08,0.06
149,0.0,0.32,0.1,0.06,0.06
150,0.0,0.24,0.08,0.14,0.04
151,0.0,0.24,0.08,0.16,0.04
152,0.0,0.24,0.1,0.14,0.04
153,0.0,0.28,0.04,0.14,0.04
154,0.0,0.26,0.08,0.14,0.02
155,0.0,0.26,0.08,0.14,0.02
156,0.0,0.26,0.08,0.12,0.04
157,0.0,0.28,0.06,0.12,0.04
158,0.0,0.22,0.12,0.1,0.02
159,0.0,0.26,0.12,0.06,0.02
160,0.0,0.32,0.08,0.04,0.02
161,0.0,0.22,0.16,0.06,0.0
162,0.0,0.2,0.16,0.08,0.02
163,0.0,0.2,0.14,0.1,0.02
164,0.0,0.2,0.16,0.14,0.04
165,0.0,0.26,0.1,0.12,0.04
166,0.0,0.28,0.08,0.12,0.0
167,0.0,0.26,0.06,0.16,0.0
168,0.0,0.26,0.06,0.16,0.0
169,0.0,0.28,0.06,0.14,0.0
170,0.0,0.28,0.06,0.14,0.0
171,0.0,0.3,0.04,0.16,0.0
172,0.0,0.26,0.06,0.18,0.02
173,0.0,0.24,0.06,0.2,0.02
174,0.0,0.24,0.06,0.22,0.02
175,0.0,0.24,0.06,0.2,0.02
176,0.0,0.24,0.06,0.2,0.02
177,0.0,0.28,0.06,0.18,0.02
178,0.0,0.24,0.08,0.18,0.02
179,0.0,0.28,0.08,0.12,0.02
180,0.0,0.3,0.08,0.12,0.0
181,0.0,0.32,0.06,0.08,0.0
182,0.0,0.38,0.06,0.06,0.02
183,0.0,0.4,0.06,0.02,0.04
184,0.0,0.4,0.04,0.06,0.04
185,0.0,0.38,0.04,0.06,0.04
186,0.0,0.36,0.02,0.08,0.02
187,0.0,0.38,0.04,0.08,0.0
188,0.0,0.4,0.04,0.08,0.0
189,0.0,0.34,0.06,0.06,0.02
190,0.0,0.32,0.06,0.06,0.02
191,0.0,0.34,0.02,0.06,0.02
192,0.0,0.32,0.0,0.08,0.02
193,0.0,0.34,0.0,0.08,0.02
194,0.0,0.38,0.0,0.04,0.0
195,0.0,0.38,0.0,0.04,0.02
196,0.0,0.34,0.02,0.06,0.02
197,0.0,0.36,0.02,0.08,0.02
198,0.0,0.3,0.04,0.12,0.02
199,0.0,0.24,0.06,0.14,0.02
200,0.0,0.24,0.06,0.18,0.04
201,0.0,0.26,0.06,0.14,0.06
202,0.0,0.32,0.04,0.14,0.02
203,0.0,0.38,0.04,0.12,0.0
204,0.0,0.32,0.06,0.2,0.0
205,0.0,0.32,0.08,0.14,0.0
206,0.0,0.3,0.1,0.1,0.0
207,0.0,0.3,0.14,0.08,0.0
208,0.0,0.28,0.16,0.06,0.0
209,0.0,0.28,0.16,0.06,0.02
210,0.0,0.34,0.12,0.06,0.02
211,0.0,0.34,0.1,0.06,0.02
212,0.0,0.26,0.16,0.08,0.02
213,0.0,0.26,0.18,0.06,0.04
214,0.0,0.24,0.14,0.1,0.04
215,0.0,0.24,0.16,0.12,0.02
216,0.0,0.2,0.18,0.16,0.04
217,0.0,0.22,0.16,0.18,0.04
218,0.0,0.24,0.14,0.16,0.04
219,0.0,0.16,0.12,0.2,0.06
220,0.0,0.22,0.1,0.2,0.04
221,0.0,0.22,0.12,0.14,0.04
222,0.0,0.16,0.14,0.14,0.02
223,0.0,0.14,0.12,0.18,0.0
224,0.0,0.1,0.14,0.2,0.0
225,0.0,0.14,0.12,0.22,0.0
226,0.0,0.18,0.12,0.2,0.0
227,0.0,0.22,0.12,0.12,0.0
228,0.0,0.28,0.1,0.14,0.0
229,0.0,0.28,0.1,0.16,0.0
230,0.0,0.3,0.04,0.16,0.02
231,0.0,0.28,0.06,0.18,0.04
232,0.0,0.3,0.04,0.2,0.04
233,0.0,0.28,0.04,0.2,0.06
234,0.0,0.32,0.06,0.14,0.02
235,0.0,0.3,0.06,0.18,0.02
236,0.0,0.34,0.04,0.16,0.02
237,0.0,0.34,0.08,0.12,0.04
238,0.0,0.32,0.06,0.12,0.08
239,0.0,0.26,0.04,0.14,0.1
240,0.0,0.26,0.04,0.12,0.1
241,0.0,0.24,0.06,0.12,0.1
242,0.0,0.24,0.04,0.12,0.08
243,0.0,0.26,0.04,0.12,0.08
244,0.0,0.24,0.06,0.14,0.08
245,0.0,0.24,0.06,0.14,0.08
246,0.0,0.26,0.06,0.12,0.06
247,0.0,0.24,0.06,0.16,0.04
248,0.0,0.24,0.06,0.14,0.04
249,0.0,0.2,0.08,0.2,0.02
250,0.0,0.18,0.1,0.18,0.04
251,0.0,0.2,0.12,0.14,0.04
252,0.0,0.18,0.12,0.12,0.04
253,0.0,0.18,0.16,0.14,0.04
254,0.0,0.18,0.16,0.16,0.04
255,0.0,0.16,0.16,0.18,0.04
256,0.0,0.18,0.12,0.18,0.04
257,0.0,0.16,0.16,0.16,0.04
258,0.0,0.14,0.16,0.14,0.04
259,0.0,0.14,0.14,0.16,0.04
260,0.0,0.18,0.1,0.16,0.06
261,0.0,0.16,0.12,0.18,0.02
262,0.0,0.08,0.14,0.22,0.02
263,0.0,0.08,0.16,0.16,0.04
264,0.0,0.08,0.1,0.18,0.04
265,0.0,0.06,0.08,0.22,0.06
266,0.0,0.04,0.1,0.18,0.08
267,0.0,0.06,0.14,0.12,0.08
268,0.0,0.06,0.14,0.14,0.1
269,0.0,0.12,0.16,0.14,0.06
270,0.0,0.16,0.16,0.16,0.04
271,0.0,0.18,0.12,0.18,0.02
272,0.0,0.18,0.1,0.18,0.02
273,0.0,0.2,0.12,0.2,0.02
274,0.0,0.26,0.08,0.16,0.02
275,0.0,0.2,0.08,0.2,0.02
276,0.0,0.22,0.1,0.18,0.02
277,0.0,0.26,0.12,0.12,0.04
278,0.0,0.26,0.1,0.14,0.04
279,0.0,0.3,0.08,0.16,0.04
280,0.0,0.22,0.08,0.22,0.04
281,0.0,0.28,0.04,0.2,0.04
282,0.0,0.26,0.04,0.18,0.04
283,0.0,0.26,0.04,0.12,0.04
284,0.0,0.28,0.02,0.08,0.08
285,0.0,0.3,0.02,0.08,0.08
286,0.0,0.24,0.02,0.14,0.06
287,0.0,0.3,0.0,0.12,0.04
288,0.0,0.28,0.0,0.12,0.06
289,0.0,0.26,0.0,0.18,0.06
290,0.0,0.26,0.0,0.2,0.04
291,0.0,0.28,0.0,0.2,0.04
292,0.0,0.3,0.0,0.2,0.06
293,0.0,0.28,0.02,0.18,0.06
294,0.0,0.28,0.04,0.16,0.08
295,0.0,0.3,0.02,0.16,0.06
296,0.0,0.3,0.04,0.14,0.08
297,0.0,0.32,0.04,0.14,0.06
298,0.0,0.34,0.06,0.1,0.04
299,0.0,0.36,0.04,0.1,0.04
300,0.0,0.38,0.04,0.08,0.04
301,0.0,0.32,0.04,0.1,0.06
302,0.0,0.26,0.08,0.06,0.1
303,0.0,0.22,0.1,0.08,0.1
304,0.0,0.2,0.1,0.1,0.1
305,0.0,0.16,0.08,0.12,0.14
306,0.0,0.14,0.1,0.1,0.12
307,0.0,0.18,0.08,0.12,0.1
308,0.0,0.14,0.12,0.14,0.06
309,0.0,0.14,0.1,0.12,0.1
310,0.0,0.2,0.1,0.1,0.06
311,0.0,0.22,0.12,0.1,0.06
312,0.0,0.2,0.12,0.16,0.04
313,0.0,0.24,0.12,0.16,0.04
314,0.0,0.22,0.12,0.16,0.04
315,0.0,0.3,0.1,0.1,0.04
316,0.0,0.26,0.12,0.12,0.06
317,0.0,0.24,0.14,0.08,0.06
318,0.0,0.26,0.12,0.08,0.04
319,0.0,0.32,0.08,0.04,0.04
320,0.0,0.26,0.08,0.08,0.06
321,0.0,0.24,0.08,0.06,0.06
322,0.0,0.26,0.06,0.1,0.06
323,0.0,0.22,0.04,0.18,0.02
324,0.0,0.16,0.04,0.24,0.02
325,0.0,0.14,0.04,0.18,0.06
326,0.0,0.18,0.02,0.16,0.06
327,0.0,0.2,0.0,0.16,0.06
328,0.0,0.2,0.0,0.14,0.08
329,0.0,0.24,0.0,0.06,0.1
330,0.0,0.22,0.0,0.06,0.12
331,0.0,0.22,0.02,0.04,0.1
332,0.0,0.26,0.0,0.06,0.08
333,0.0,0.24,0.0,0.08,0.12
334,0.0,0.24,0.0,0.04,0.12
335,0.0,0.22,0.0,0.04,0.16
336,0.0,0.24,0.02,0.04,0.1
337,0.0,0.26,0.04,0.06,0.04
338,0.0,0.26,0.04,0.08,0.06
339,0.0,0.26,0.08,0.06,0.06
340,0.0,0.22,0.06,0.08,0.06
341,0.0,0.24,0.04,0.06,0.06
342,0.0,0.22,0.02,0.1,0.04
343,0.0,0.22,0.02,0.12,0.04
344,0.0,0.28,0.04,0.08,0.02
345,0.0,0.22,0.06,0.1,0.04
346,0.0,0.22,0.08,0.12,0.04
347,0.0,0.3,0.06,0.08,0.02
348,0.0,0.34,0.06,0.08,0.0
349,0.0,0.4,0.04,0.08,0.02
350,0.0,0.42,0.04,0.04,0.02
351,0.0,0.32,0.04,0.08,0.04
352,0.0,0.26,0.04,0.12,0.04
353,0.0,0.24,0.06,0.18,0.02
354,0.0,0.26,0.06,0.18,0.02
355,0.0,0.22,0.06,0.18,0.04
356,0.0,0.26,0.04,0.14,0.04
357,0.0,0.22,0.06,0.16,0.0
358,0.0,0.22,0.06,0.16,0.0
359,0.0,0.24,0.08,0.14,0.0
360,0.0,0.28,0.08,0.14,0.0
361,0.0,0.24,0.04,0.18,0.0
362,0.0,0.26,0.04,0.2,0.0
363,0.0,0.24,0.08,0.16,0.0
364,0.0,0.3,0.06,0.12,0.0
365,0.0,0.34,0.06,0.1,0.02
366,0.0,0.36,0.08,0.1,0.02
367,0.0,0.34,0.08,0.12,0.02
368,0.0,0.34,0.08,0.08,0.02
369,0.0,0.3,0.08,0.1,0.0
370,0.0,0.26,0.1,0.1,0.0
371,0.0,0.3,0.08,0.12,0.0
372,0.0,0.28,0.14,0.08,0.04
373,0.0,0.28,0.14,0.08,0.06
374,0.0,0.28,0.12,0.12,0.04
375,0.0,0.24,0.1,0.14,0.06
376,0.0,0.26,0.1,0.12,0.06
377,0.0,0.22,0.08,0.16,0.04
378,0.0,0.22,0.06,0.16,0.04
379,0.0,0.24,0.08,0.18,0.02
380,0.0,0.26,0.08,0.18,0.0
381,0.0,0.24,0.08,0.2,0.02
382,0.0,0.2,0.08,0.2,0.08
383,0.0,0.2,0.08,0.2,0.04
384,0.0,0.18,0.04,0.2,0.02
385,0.0,0.22,0.04,0.22,0.02
386,0.0,0.18,0.04,0.24,0.02
387,0.0,0.14,0.04,0.22,0.06
388,0.0,0.14,0.04,0.2,0.08
389,0.0,0.18,0.04,0.18,0.1
390,0.0,0.14,0.06,0.18,0.08
391,0.0,0.16,0.12,0.14,0.04
392,0.0,0.18,0.1,0.2,0.02
393,0.0,0.16,0.06,0.24,0.02
394,0.0,0.2,0.08,0.18,0.04
395,0.0,0.18,0.08,0.14,0.04
396,0.0,0.2,0.08,0.14,0.04
397,0.0,0.24,0.06,0.12,0.06
398,0.0,0.3,0.02,0.12,0.02
399,0.0,0.28,0.04,0.14,0.02
400,0.0,0.28,0.02,0.14,0.04
401,0.0,0.26,0.0,0.16,0.04
402,0.0,0.26,0.0,0.2,0.04
403,0.0,0.18,0.0,0.22,0.08
404,0.0,0.18,0.02,0.22,0.06
405,0.0,0.2,0.04,0.2,0.04
406,0.0,0.22,0.06,0.16,0.06
407,0.0,0.28,0.06,0.18,0.02
408,0.0,0.26,0.08,0.14,0.02
409,0.0,0.22,0.06,0.16,0.02
410,0.0,0.24,0.06,0.12,0.02
411,0.0,0.24,0.08,0.12,0.0
412,0.0,0.26,0.06,0.12,0.0
413,0.0,0.32,0.02,0.1,0.0
414,0.0,0.34,0.02,0.1,0.0
415,0.0,0.32,0.0,0.1,0.02
416,0.0,0.32,0.0,0.08,0.04
417,0.0,0.34,0.0,0.04,0.06
418,0.0,0.36,0.0,0.06,0.02
419,0.0,0.28,0.04,0.04,0.04
420,0.0,0.3,0.02,0.06,0.06
421,0.0,0.26,0.02,0.12,0.04
422,0.0,0.28,0.06,0.1,0.02
423,0.0,0.26,0.04,0.16,0.0
424,0.0,0.28,0.04,0.12,0.02
425,0.0,0.26,0.06,0.14,0.02
426,0.0,0.32,0.06,0.12,0.02
427,0.0,0.3,0.08,0.14,0.02
428,0.0,0.26,0.06,0.14,0.06
429,0.0,0.2,0.08,0.16,0.06
430,0.0,0.24,0.04,0.14,0.04
431,0.0,0.28,0.04,0.14,0.04
432,0.0,0.3,0.04,0.14,0.06
433,0.0,0.32,0.04,0.1,0.06
434,0.0,0.4,0.04,0.1,0.04
435,0.0,0.4,0.06,0.06,0.04
436,0.0,0.34,0.08,0.08,0.02
437,0.0,0.36,0.06,0.04,0.02
438,0.0,0.34,0.08,0.04,0.04
439,0.0,0.3,0.1,0.04,0.04
440,0.0,0.26,0.1,0.06,0.04
441,0.0,0.32,0.08,0.06,0.0
442,0.0,0.3,0.1,0.06,0.0
443,0.0,0.32,0.08,0.08,0.0
444,0.0,0.28,0.08,0.1,0.0
445,0.0,0.32,0.08,0.1,0.0
446,0.0,0.24,0.1,0.1,0.04
447,0.0,0.24,0.08,0.1,0.04
448,0.0,0.32,0.06,0.1,0.02
449,0.0,0.34,0.04,0.08,0.04
450,0.0,0.3,0.06,0.1,0.02
451,0.0,0.28,0.08,0.14,0.02
452,0.0,0.26,0.1,0.14,0.06
453,0.0,0.3,0.1,0.06,0.06
454,0.0,0.36,0.06,0.02,0.04
455,0.0,0.38,0.06,0.02,0.04
456,0.0,0.4,0.06,0.02,0.04
457,0.0,0.4,0.08,0.04,0.02
458,0.0,0.34,0.1,0.1,0.0
459,0.0,0.32,0.08,0.14,0.0
460,0.0,0.28,0.08,0.18,0.02
461,0.0,0.34,0.08,0.12,0.02
462,0.0,0.34,0.06,0.1,0.02
463,0.0,0.34,0.08,0.1,0.02
464,0.0,0.3,0.1,0.08,0.04
465,0.0,0.24,0.14,0.1,0.02
466,0.0,0.2,0.14,0.12,0.02
467,0.0,0.22,0.14,0.1,0.02
468,0.0,0.26,0.12,0.04,0.04
469,0.0,0.28,0.12,0.04,0.06
470,0.0,0.26,0.14,0.02,0.06
471,0.0,0.3,0.14,0.0,0.08
472,0.0,0.28,0.16,0.02,0.1
473,0.0,0.24,0.1,0.08,0.1
474,0.0,0.24,0.08,0.1,0.1
475,0.0,0.2,0.12,0.12,0.1
476,0.0,0.24,0.14,0.1,0.1
477,0.0,0.22,0.16,0.1,0.1
478,0.0,0.16,0.18,0.08,0.12
479,0.0,0.16,0.16,0.06,0.16
480,0.0,0.16,0.16,0.04,0.16
481,0.0,0.18,0.12,0.06,0.18
482,0.0,0.18,0.1,0.06,0.16
483,0.0,0.18,0.1,0.08,0.12
484,0.0,0.22,0.06,0.08,0.12
485,0.0,0.2,0.06,0.12,0.12
486,0.0,0.22,0.04,0.12,0.14
487,0.0,0.2,0.06,0.1,0.14
488,0.0,0.2,0.1,0.08,0.12
489,0.0,0.2,0.1,0.1,0.12
490,0.0,0.18,0.12,0.1,0.12
491,0.0,0.16,0.16,0.08,0.14
492,0.0,0.12,0.16,0.08,0.14
493,0.0,0.12,0.18,0.08,0.12
494,0.0,0.14,0.2,0.06,0.08
495,0.0,0.06,0.22,0.08,0.12
496,0.0,0.1,0.16,0.12,0.08
497,0.0,0.16,0.12,0.12,0.06
498,0.0,0.2,0.1,0.12,0.06
499,0.0,0.22,0.06,0.14,0.04
500,0.0,0.26,0.04,0.1,0.04
501,0.0,0.3,0.04,0.1,0.06
502,0.0,0.34,0.04,0.08,0.06
503,0.0,0.28,0.04,0.12,0.08
504,0.0,0.24,0.04,0.12,0.1
505,0.0,0.26,0.04,0.12,0.04
506,0.0,0.28,0.04,0.1,0.04
507,0.0,0.32,0.02,0.1,0.0
508,0.0,0.32,0.02,0.08,0.02
509,0.0,0.34,0.02,0.1,0.02
510,0.0,0.32,0.02,0.1,0.0
511,0.0,0.24,0.02,0.14,0.02
512,0.0,0.24,0.02,0.14,0.04
513,0.0,0.26,0.02,0.16,0.02
514,0.0,0.22,0.02,0.2,0.02
515,0.0,0.18,0.02,0.2,0.04
516,0.0,0.24,0.02,0.16,0.04
517,0.0,0.2,0.04,0.16,0.08
518,0.0,0.2,0.06,0.12,0.08
519,0.0,0.18,0.02,0.16,0.1
520,0.0,0.16,0.06,0.12,0.12
521,0.0,0.2,0.06,0.1,0.1
522,0.0,0.24,0.06,0.04,0.1
523,0.0,0.24,0.06,0.04,0.06
524,0.0,0.2,0.06,0.08,0.08
525,0.0,0.22,0.08,0.08,0.08
526,0.0,0.24,0.1,0.04,0.08
527,0.0,0.22,0.1,0.08,0.1
528,0.0,0.24,0.08,0.08,0.06
529,0.0,0.26,0.08,0.06,0.06
530,0.0,0.22,0.06,0.04,0.08
531,0.0,0.22,0.08,0.04,0.08
532,0.0,0.22,0.08,0.04,0.14
533,0.0,0.24,0.04,0.06,0.14
534,0.0,0.24,0.04,0.04,0.18
535,0.0,0.3,0.04,0.04,0.16
536,0.0,0.3,0.04,0.04,0.18
537,0.0,0.26,0.06,0.04,0.18
538,0.0,0.26,0.08,0.08,0.14
539,0.0,0.28,0.08,0.06,0.1
540,0.0,0.28,0.08,0.04,0.1
541,0.0,0.3,0.04,0.06,0.08
542,0.0,0.32,0.02,0.06,0.1
543,0.0,0.32,0.02,0.04,0.12
544,0.0,0.32,0.02,0.06,0.12
545,0.0,0.3,0.04,0.04,0.12
546,0.0,0.26,0.06,0.06,0.1
547,0.0,0.28,0.04,0.06,0.12
548,0.0,0.3,0.02,0.08,0.14
549,0.0,0.28,0.02,0.08,0.14
550,0.0,0.28,0.02,0.02,0.14
551,0.0,0.26,0.02,0.0,0.16
552,0.0,0.26,0.0,0.02,0.2
553,0.0,0.24,0.0,0.04,0.22
554,0.0,0.26,0.04,0.02,0.18
555,0.0,0.26,0.04,0.02,0.18
556,0.0,0.32,0.04,0.04,0.12
557,0.0,0.32,0.02,0.06,0.1
558,0.0,0.3,0.02,0.08,0.12
559,0.0,0.26,0.06,0.08,0.1
560,0.0,0.32,0.02,0.06,0.08
561,0.0,0.34,0.02,0.06,0.1
562,0.0,0.34,0.04,0.04,0.08
563,0.0,0.34,0.04,0.08,0.1
564,0.0,0.34,0.04,0.08,0.12
565,0.0,0.36,0.04,0.08,0.1
566,0.0,0.36,0.0,0.06,0.12
567,0.0,0.32,0.02,0.06,0.12
568,0.0,0.32,0.0,0.06,0.14
569,0.0,0.3,0.0,0.08,0.12
570,0.0,0.28,0.0,0.12,0.1
571,0.0,0.3,0.0,0.14,0.08
572,0.0,0.26,0.0,0.18,0.06
573,0.0,0.24,0.02,0.18,0.06
574,0.0,0.26,0.02,0.18,0.06
575,0.0,0.28,0.04,0.12,0.06
576,0.0,0.28,0.06,0.1,0.06
577,0.0,0.34,0.08,0.06,0.04
578,0.0,0.34,0.06,0.08,0.02
579,0.0,0.32,0.06,0.08,0.02
580,0.0,0.28,0.06,0.1,0.04
581,0.0,0.34,0.06,0.06,0.04
582,0.0,0.32,0.08,0.06,0.06
583,0.0,0.28,0.08,0.1,0.02
584,0.0,0.3,0.06,0.1,0.04
585,0.0,0.3,0.06,0.04,0.06
586,0.0,0.28,0.06,0.06,0.06
587,0.0,0.32,0.06,0.06,0.04
588,0.0,0.3,0.04,0.08,0.02
589,0.0,0.3,0.06,0.08,0.04
590,0.0,0.3,0.06,0.1,0.04
591,0.0,0.22,0.06,0.12,0.06
592,0.0,0.2,0.1,0.14,0.06
593,0.0,0.24,0.1,0.14,0.08
594,0.0,0.24,0.1,0.12,0.08
595,0.0,0.24,0.12,0.08,0.04
596,0.0,0.22,0.14,0.08,0.02
597,0.0,0.24,0.1,0.1,0.02
598,0.0,0.2,0.08,0.14,0.02
599,0.0,0.28,0.08,0.08,0.02
600,0.0,0.3,0.06,0.1,0.0
601,0.0,0.32,0.04,0.1,0.0
602,0.0,0.22,0.06,0.12,0.0
603,0.0,0.18,0.06,0.12,0.02
604,0.0,0.22,0.02,0.16,0.02
605,0.0,0.24,0.02,0.14,0.04
606,0.0,0.3,0.0,0.12,0.02
607,0.0,0.28,0.0,0.16,0.02
608,0.0,0.3,0.02,0.16,0.02
609,0.0,0.3,0.06,0.18,0.02
610,0.0,0.3,0.08,0.16,0.02
611,0.0,0.24,0.06,0.2,0.02
612,0.0,0.28,0.08,0.14,0.02
613,0.0,0.24,0.08,0.1,0.04
614,0.0,0.26,0.1,0.1,0.02
615,0.0,0.22,0.12,0.14,0.02
616,0.0,0.16,0.18,0.16,0.02
617,0.0,0.22,0.14,0.1,0.02
618,0.0,0.16,0.14,0.18,0.02
619,0.0,0.16,0.14,0.2,0.04
620,0.0,0.16,0.12,0.14,0.06
621,0.0,0.2,0.12,0.14,0.04
622,0.0,0.16,0.14,0.18,0.02
623,0.0,0.18,0.12,0.18,0.0
624,0.0,0.18,0.08,0.16,0.02
625,0.0,0.14,0.1,0.12,0.02
626,0.0,0.12,0.12,0.16,0.02
627,0.0,0.12,0.12,0.12,0.02
628,0.0,0.1,0.12,0.1,0.04
629,0.0,0.1,0.12,0.1,0.06
630,0.0,0.12,0.14,0.12,0.02
631,0.0,0.12,0.16,0.1,0.04
632,0.0,0.14,0.16,0.1,0.02
633,0.0,0.16,0.14,0.1,0.04
634,0.0,0.2,0.1,0.08,0.04
635,0.0,0.2,0.12,0.08,0.04
636,0.0,0.24,0.16,0.02,0.04
637,0.0,0.22,0.14,0.04,0.06
638,0.0,0.24,0.1,0.06,0.06
639,0.0,0.32,0.1,0.02,0.06
640,0.0,0.3,0.12,0.02,0.04
641,0.0,0.26,0.14,0.06,0.04
642,0.0,0.32,0.14,0.08,0.04
643,0.0,0.3,0.1,0.08,0.06
644,0.0,0.26,0.12,0.08,0.08
645,0.0,0.22,0.12,0.08,0.08
646,0.0,0.18,0.12,0.08,0.1
647,0.0,0.22,0.1,0.08,0.1
648,0.0,0.18,0.1,0.06,0.1
649,0.0,0.2,0.1,0.08,0.1
650,0.0,0.16,0.1,0.14,0.1
651,0.0,0.2,0.1,0.16,0.1
652,0.0,0.22,0.08,0.16,0.08
653,0.0,0.24,0.08,0.1,0.08
654,0.0,0.26,0.06,0.12,0.06
655,0.0,0.28,0.1,0.12,0.04
656,0.0,0.26,0.12,0.12,0.04
657,0.0,0.24,0.14,0.08,0.04
658,0.0,0.3,0.12,0.06,0.04
659,0.0,0.3,0.1,0.06,0.06
660,0.0,0.32,0.1,0.1,0.04
661,0.0,0.3,0.08,0.1,0.06
662,0.0,0.26,0.1,0.1,0.04
663,0.0,0.28,0.1,0.08,0.04
664,0.0,0.3,0.06,0.08,0.08
665,0.0,0.22,0.08,0.12,0.12
666,0.0,0.24,0.1,0.1,0.1
667,0.0,0.26,0.08,0.12,0.06
668,0.0,0.28,0.04,0.14,0.04
669,0.0,0.24,0.04,0.2,0.04
670,0.0,0.22,0.04,0.16,0.04
671,0.0,0.2,0.04,0.2,0.06
672,0.0,0.2,0.02,0.16,0.06
673,0.0,0.22,0.04,0.14,0.06
674,0.0,0.18,0.06,0.16,0.04
675,0.0,0.2,0.06,0.18,0.04
676,0.0,0.16,0.06,0.22,0.06
677,0.0,0.12,0.02,0.26,0.08
678,0.0,0.18,0.04,0.24,0.08
679,0.0,0.2,0.1,0.22,0.04
680,0.0,0.12,0.12,0.22,0.02
681,0.0,0.1,0.16,0.14,0.04
682,0.0,0.16,0.14,0.1,0.04
683,0.0,0.16,0.12,0.12,0.08
684,0.0,0.12,0.14,0.16,0.08
685,0.0,0.18,0.14,0.14,0.08
686,0.0,0.2,0.14,0.14,0.04
687,0.0,0.18,0.1,0.2,0.04
688,0.0,0.2,0.08,0.2,0.02
689,0.0,0.2,0.1,0.22,0.02
690,0.0,0.18,0.06,0.16,0.06
691,0.0,0.18,0.08,0.16,0.06
692,0.0,0.22,0.08,0.18,0.08
693,0.0,0.22,0.06,0.22,0.06
694,0.0,0.22,0.04,0.22,0.04
695,0.0,0.18,0.06,0.24,0.04
696,0.0,0.2,0.04,0.24,0.08
697,0.0,0.18,0.02,0.26,0.06
698,0.0,0.14,0.02,0.28,0.08
699,0.0,0.14,0.02,0.34,0.06
700,0.0,0.14,0.02,0.34,0.04
701,0.0,0.14,0.04,0.32,0.04
702,0.0,0.14,0.06,0.28,0.08
703,0.0,0.14,0.08,0.28,0.06
704,0.0,0.16,0.08,0.18,0.06
705,0.0,0.12,0.1,0.18,0.08
706,0.0,0.12,0.08,0.2,0.08
707,0.0,0.14,0.04,0.2,0.08
708,0.0,0.18,0.06,0.2,0.02
709,0.0,0.22,0.08,0.14,0.02
710,0.0,0.18,0.1,0.14,0.04
711,0.0,0.12,0.16,0.14,0.04
712,0.0,0.16,0.12,0.16,0.04
713,0.0,0.2,0.14,0.1,0.08
714,0.0,0.22,0.1,0.1,0.08
715,0.0,0.22,0.04,0.14,0.1
716,0.0,0.22,0.06,0.18,0.08
717,0.0,0.24,0.06,0.14,0.1
718,0.0,0.18,0.08,0.14,0.12
719,0.0,0.1,0.08,0.14,0.14
720,0.0,0.06,0.1,0.16,0.16
721,0.0,0.06,0.12,0.16,0.14
722,0.0,0.06,0.1,0.16,0.12
723,0.0,0.12,0.08,0.18,0.1
724,0.0,0.14,0.08,0.2,0.06
725,0.0,0.12,0.1,0.22,0.08
726,0.0,0.18,0.06,0.18,0.06
727,0.0,0.22,0.08,0.12,0.06
728,0.0,0.22,0.08,0.12,0.04
729,0.0,0.26,0.08,0.08,0.02
730,0.0,0.3,0.06,0.08,0.02
731,0.0,0.4,0.04,0.04,0.02
732,0.0,0.4,0.04,0.02,0.04
733,0.0,0.42,0.04,0.04,0.04
734,0.0,0.34,0.04,0.08,0.06
735,0.0,0.34,0.0,0.08,0.06
736,0.0,0.32,0.0,0.06,0.08
737,0.0,0.34,0.0,0.06,0.08
738,0.0,0.36,0.0,0.06,0.08
739,0.0,0.34,0.02,0.06,0.1
740,0.0,0.38,0.04,0.04,0.08
741,0.0,0.42,0.04,0.06,0.04
742,0.0,0.4,0.02,0.06,0.04
743,0.0,0.46,0.0,0.02,0.04
744,0.0,0.42,0.0,0.06,0.04
745,0.0,0.42,0.02,0.04,0.04
746,0.0,0.46,0.02,0.08,0.04
747,0.0,0.4,0.02,0.06,0.06
748,0.0,0.34,0.04,0.08,0.08
749,0.0,0.3,0.02,0.1,0.08
750,0.0,0.26,0.04,0.12,0.08
751,0.0,0.3,0.04,0.14,0.08
752,0.0,0.34,0.04,0.16,0.04
753,0.0,0.36,0.04,0.18,0.04
754,0.0,0.36,0.04,0.18,0.06
755,0.0,0.3,0.06,0.22,0.02
756,0.0,0.3,0.04,0.2,0.04
757,0.0,0.26,0.06,0.18,0.06
758,0.0,0.26,0.04,0.18,0.04
759,0.0,0.28,0.0,0.14,0.04
760,0.0,0.3,0.0,0.16,0.04
761,0.0,0.3,0.0,0.16,0.06
762,0.0,0.32,0.0,0.1,0.04
763,0.0,0.3,0.02,0.12,0.02
764,0.0,0.26,0.04,0.12,0.04
765,0.0,0.26,0.06,0.08,0.04
766,0.0,0.24,0.04,0.08,0.04
767,0.0,0.24,0.04,0.06,0.06
768,0.0,0.24,0.06,0.08,0.04
769,0.0,0.22,0.08,0.06,0.04
770,0.0,0.24,0.06,0.14,0.02
771,0.0,0.3,0.02,0.14,0.02
772,0.0,0.26,0.02,0.1,0.06
773,0.0,0.3,0.0,0.12,0.04
774,0.0,0.26,0.02,0.14,0.08
775,0.0,0.3,0.0,0.16,0.02
776,0.0,0.24,0.02,0.18,0.02
777,0.0,0.24,0.04,0.2,0.0
778,0.0,0.18,0.1,0.18,0.0
779,0.0,0.22,0.1,0.18,0.0
780,0.0,0.3,0.08,0.14,0.0
781,0.0,0.28,0.08,0.16,0.0
782,0.0,0.32,0.08,0.14,0.0
783,0.0,0.3,0.08,0.1,0.0
784,0.0,0.34,0.04,0.08,0.02
785,0.0,0.28,0.08,0.1,0.02
786,0.0,0.36,0.04,0.1,0.02
787,0.0,0.34,0.08,0.1,0.02
788,0.0,0.34,0.06,0.14,0.02
789,0.0,0.36,0.06,0.12,0.02
790,0.0,0.36,0.04,0.14,0.0
791,0.0,0.34,0.04,0.16,0.0
792,0.0,0.32,0.04,0.14,0.0
793,0.0,0.4,0.04,0.14,0.0
794,0.0,0.34,0.02,0.16,0.02
795,0.0,0.32,0.02,0.18,0.02
796,0.0,0.34,0.02,0.16,0.0
797,0.0,0.32,0.02,0.16,0.02
798,0.0,0.32,0.02,0.16,0.04
799,0.0,0.36,0.04,0.12,0.02
800,0.0,0.32,0.0,0.14,0.08
801,0.0,0.34,0.02,0.08,0.08
802,0.0,0.36,0.0,0.06,0.06
803,0.0,0.34,0.0,0.1,0.08
804,0.0,0.34,0.02,0.08,0.04
805,0.0,0.34,0.02,0.08,0.06
806,0.0,0.4,0.02,0.02,0.08
807,0.0,0.36,0.02,0.04,0.08
808,0.0,0.34,0.04,0.06,0.08
809,0.0,0.36,0.06,0.1,0.06
810,0.0,0.3,0.06,0.14,0.06
811,0.0,0.22,0.06,0.16,0.06
812,0.0,0.22,0.1,0.14,0.04
813,0.0,0.22,0.1,0.1,0.04
814,0.0,0.16,0.12,0.12,0.06
815,0.0,0.18,0.12,0.14,0.04
816,0.0,0.22,0.12,0.14,0.02
817,0.0,0.16,0.1,0.18,0.04
818,0.0,0.22,0.1,0.1,0.06
819,0.0,0.2,0.14,0.1,0.08
820,0.0,0.18,0.16,0.14,0.06
821,0.0,0.24,0.14,0.12,0.08
822,0.0,0.2,0.12,0.14,0.06
823,0.0,0.22,0.1,0.14,0.06
824,0.0,0.22,0.08,0.16,0.04
825,0.0,0.26,0.1,0.1,0.02
826,0.0,0.26,0.06,0.16,0.02
827,0.0,0.26,0.06,0.2,0.0
828,0.0,0.24,0.02,0.22,0.0
829,0.0,0.24,0.02,0.24,0.0
830,0.0,0.26,0.0,0.24,0.0
831,0.0,0.26,0.02,0.24,0.0
832,0.0,0.22,0.02,0.26,0.0
833,0.0,0.26,0.0,0.28,0.0
834,0.0,0.26,0.0,0.24,0.06
835,0.0,0.24,0.04,0.2,0.06
836,0.0,0.22,0.04,0.18,0.08
837,0.0,0.22,0.02,0.18,0.1
838,0.0,0.22,0.0,0.18,0.1
839,0.0,0.22,0.02,0.14,0.14
840,0.0,0.24,0.02,0.14,0.14
841,0.0,0.26,0.08,0.16,0.1
842,0.0,0.3,0.08,0.12,0.06
843,0.0,0.32,0.06,0.14,0.06
844,0.0,0.36,0.06,0.12,0.04
845,0.0,0.36,0.06,0.12,0.04
846,0.0,0.38,0.06,0.1,0.02
847,0.0,0.36,0.06,0.08,0.0
848,0.0,0.36,0.04,0.1,0.0
849,0.0,0.32,0.02,0.14,0.0
850,0.0,0.3,0.08,0.14,0.0
851,0.0,0.32,0.1,0.14,0.0
852,0.0,0.3,0.08,0.16,0.0
853,0.0,0.32,0.08,0.14,0.0
854,0.0,0.24,0.1,0.16,0.0
855,0.0,0.3,0.12,0.14,0.0
856,0.0,0.26,0.12,0.12,0.02
857,0.0,0.3,0.06,0.12,0.02
858,0.0,0.28,0.06,0.14,0.02
859,0.0,0.28,0.06,0.16,0.0
860,0.0,0.34,0.06,0.14,0.0
861,0.0,0.32,0.06,0.14,0.0
862,0.0,0.28,0.02,0.16,0.02
863,0.0,0.28,0.02,0.14,0.04
864,0.0,0.26,0.02,0.14,0.02
865,0.0,0.22,0.04,0.16,0.02
866,0.0,0.22,0.06,0.16,0.04
867,0.0,0.28,0.04,0.16,0.02
868,0.0,0.18,0.08,0.18,0.02
869,0.0,0.18,0.04,0.16,0.04
870,0.0,0.2,0.04,0.16,0.02
871,0.0,0.24,0.06,0.12,0.02
872,0.0,0.3,0.04,0.12,0.02
873,0.0,0.26,0.04,0.16,0.0
874,0.0,0.26,0.06,0.16,0.0
875,0.0,0.28,0.02,0.18,0.0
876,0.0,0.32,0.02,0.14,0.0
877,0.0,0.32,0.0,0.14,0.02
878,0.0,0.3,0.0,0.16,0.0
879,0.0,0.26,0.0,0.1,0.04
880,0.0,0.32,0.02,0.08,0.04
881,0.0,0.3,0.02,0.08,0.06
882,0.0,0.26,0.02,0.1,0.06
883,0.0,0.3,0.02,0.14,0.06
884,0.0,0.3,0.04,0.06,0.08
885,0.0,0.28,0.06,0.1,0.06
886,0.0,0.28,0.08,0.06,0.06
887,0.0,0.3,0.08,0.06,0.08
888,0.0,0.28,0.06,0.08,0.06
889,0.0,0.24,0.06,0.12,0.04
890,0.0,0.22,0.06,0.12,0.04
891,0.0,0.22,0.04,0.12,0.06
892,0.0,0.26,0.04,0.08,0.1
893,0.0,0.26,0.04,0.08,0.08
894,0.0,0.26,0.04,0.08,0.06
895,0.0,0.32,0.06,0.06,0.02
896,0.0,0.34,0.04,0.1,0.02
897,0.0,0.28,0.08,0.1,0.02
898,0.0,0.32,0.06,0.1,0.02
899,0.0,0.34,0.04,0.08,0.02
900,0.0,0.32,0.04,0.08,0.02
901,0.0,0.26,0.04,0.12,0.02
902,0.0,0.24,0.06,0.1,0.06
903,0.0,0.26,0.06,0.12,0.04
904,0.0,0.28,0.06,0.06,0.06
905,0.0,0.3,0.06,0.04,0.06
906,0.0,0.32,0.1,0.02,0.08
907,0.0,0.28,0.08,0.04,0.08
908,0.0,0.26,0.1,0.04,0.1
909,0.0,0.32,0.08,0.06,0.06
910,0.0,0.34,0.08,0.04,0.04
911,0.0,0.36,0.06,0.04,0.02
912,0.0,0.28,0.06,0.08,0.02
913,0.0,0.3,0.06,0.06,0.02
914,0.0,0.38,0.04,0.06,0.02
915,0.0,0.38,0.04,0.06,0.02
916,0.0,0.34,0.06,0.1,0.02
917,0.0,0.38,0.04,0.08,0.02
918,0.0,0.32,0.04,0.1,0.02
919,0.0,0.26,0.06,0.14,0.02
920,0.0,0.26,0.04,0.18,0.0
921,0.0,0.3,0.06,0.16,0.0
922,0.0,0.32,0.08,0.12,0.0
923,0.0,0.3,0.1,0.1,0.0
924,0.0,0.24,0.12,0.08,0.02
925,0.0,0.24,0.08,0.08,0.02
926,0.0,0.26,0.08,0.08,0.02
927,0.0,0.3,0.1,0.08,0.0
928,0.0,0.3,0.06,0.1,0.0
929,0.0,0.34,0.02,0.1,0.02
930,0.0,0.3,0.02,0.1,0.04
931,0.0,0.28,0.04,0.12,0.02
932,0.0,0.36,0.04,0.1,0.0
933,0.0,0.3,0.04,0.12,0.02
934,0.0,0.3,0.02,0.14,0.02
935,0.0,0.3,0.06,0.12,0.02
936,0.0,0.34,0.04,0.1,0.04
937,0.0,0.32,0.04,0.12,0.06
938,0.0,0.34,0.06,0.08,0.06
939,0.0,0.28,0.04,0.12,0.06
940,0.0,0.28,0.02,0.14,0.04
941,0.0,0.32,0.0,0.12,0.04
942,0.0,0.3,0.0,0.12,0.02
943,0.0,0.34,0.0,0.08,0.02
944,0.0,0.34,0.0,0.1,0.02
945,0.0,0.34,0.0,0.1,0.04
946,0.0,0.38,0.0,0.1,0.02
947,0.0,0.28,0.04,0.1,0.02
948,0.0,0.28,0.06,0.1,0.02
949,0.0,0.26,0.08,0.12,0.02
950,0.0,0.28,0.06,0.1,0.02
951,0.0,0.34,0.06,0.08,0.0
952,0.0,0.34,0.04,0.06,0.0
953,0.0,0.28,0.06,0.06,0.0
954,0.0,0.26,0.08,0.1,0.0
955,0.0,0.3,0.06,0.1,0.02
956,0.0,0.32,0.1,0.08,0.02
957,0.0,0.32,0.12,0.12,0.04
958,0.0,0.34,0.12,0.12,0.04
959,0.0,0.36,0.1,0.08,0.06
960,0.0,0.36,0.1,0.1,0.06
961,0.0,0.34,0.12,0.08,0.06
962,0.0,0.28,0.1,0.12,0.06
963,0.0,0.28,0.12,0.1,0.02
964,0.0,0.32,0.08,0.1,0.02
965,0.0,0.28,0.1,0.16,0.0
966,0.0,0.24,0.1,0.14,0.02
967,0.0,0.2,0.1,0.16,0.02
968,0.0,0.16,0.12,0.18,0.02
969,0.0,0.16,0.1,0.22,0.02
970,0.0,0.14,0.08,0.2,0.02
971,0.0,0.18,0.08,0.2,0.02
972,0.0,0.16,0.08,0.16,0.0
973,0.0,0.24,0.06,0.16,0.0
974,0.0,0.26,0.06,0.12,0.02
975,0.0,0.24,0.12,0.08,0.02
976,0.0,0.24,0.14,0.1,0.02
977,0.0,0.24,0.16,0.14,0.02
978,0.0,0.22,0.16,0.1,0.02
979,0.0,0.18,0.18,0.12,0.0
980,0.0,0.22,0.16,0.12,0.0
981,0.0,0.22,0.2,0.14,0.0
982,0.0,0.22,0.22,0.12,0.0
983,0.0,0.22,0.18,0.12,0.0
984,0.0,0.2,0.12,0.14,0.0
985,0.0,0.2,0.1,0.16,0.0
986,0.0,0.22,0.12,0.14,0.02
987,0.0,0.26,0.12,0.14,0.02
988,0.0,0.3,0.12,0.16,0.04
989,0.0,0.3,0.08,0.16,0.08
990,0.0,0.26,0.12,0.16,0.04
991,0.0,0.24,0.14,0.16,0.04
992,0.0,0.28,0.12,0.12,0.04
993,0.0,0.24,0.08,0.18,0.06
994,0.0,0.26,0.06,0.14,0.04
995,0.0,0.26,0.08,0.12,0.06
996,0.0,0.28,0.04,0.12,0.08
997,0.0,0.28,0.04,0.14,0.08
998,0.0,0.28,0.06,0.18,0.06
999,0.0,0.3,0.06,0.16,0.06
1000,0.0,0.32,0.06,0.16,0.04
