,total_excess
0,0.0
1,0.008
2,0.024
3,0.032
4,0.048
5,0.072
6,0.072
7,0.08
8,0.064
9,0.08
10,0.08
11,0.08
12,0.096
13,0.112
14,0.112
15,0.112
16,0.128
17,0.144
18,0.16
19,0.168
20,0.176
21,0.16
22,0.164
23,0.168
24,0.2
25,0.176
26,0.184
27,0.192
28,0.184
29,0.2
30,0.192
31,0.208
32,0.212
33,0.22
34,0.212
35,0.22
36,0.22
37,0.232
38,0.224
39,0.212
40,0.228
41,0.228
42,0.216
43,0.22
44,0.228
45,0.232
46,0.268
47,0.26
48,0.256
49,0.252
50,0.268
51,0.24
52,0.252
53,0.264
54,0.256
55,0.232
56,0.256
57,0.244
58,0.208
59,0.208
60,0.22
61,0.212
62,0.22
63,0.224
64,0.224
65,0.224
66,0.268
67,0.256
68,0.252
69,0.26
70,0.264
71,0.28
72,0.284
73,0.272
74,0.276
75,0.304
76,0.308
77,0.296
78,0.296
79,0.32
80,0.304
81,0.324
82,0.312
83,0.28
84,0.304
85,0.288
86,0.292
87,0.264
88,0.248
89,0.272
90,0.256
91,0.24
92,0.212
93,0.232
94,0.256
95,0.252
96,0.288
97,0.292
98,0.296
99,0.292
100,0.26
101,0.252
102,0.248
103,0.232
104,0.276
105,0.26
106,0.24
107,0.276
108,0.272
109,0.24
110,0.252
111,0.248
112,0.252
113,0.252
114,0.24
115,0.24
116,0.268
117,0.244
118,0.26
119,0.292
120,0.296
121,0.256
122,0.272
123,0.26
124,0.276
125,0.28
126,0.284
127,0.3
128,0.292
129,0.304
130,0.304
131,0.308
132,0.284
133,0.248
134,0.268
135,0.264
136,0.28
137,0.3
138,0.284
139,0.28
140,0.26
141,0.284
142,0.348
143,0.32
144,0.36
145,0.332
146,0.304
147,0.276
148,0.292
149,0.296
150,0.296
151,0.312
152,0.308
153,0.288
154,0.284
155,0.284
156,0.288
157,0.284
158,0.26
159,0.244
160,0.228
161,0.232
162,0.26
163,0.264
164,0.328
165,0.3
166,0.256
167,0.268
168,0.268
169,0.26
170,0.26
171,0.272
172,0.304
173,0.312
174,0.328
175,0.312
176,0.312
177,0.312
178,0.308
179,0.276
180,0.264
181,0.228
182,0.256
183,0.252
184,0.272
185,0.264
186,0.24
187,0.24
188,0.248
189,0.24
190,0.232
191,0.216
192,0.212
193,0.22
194,0.184
195,0.204
196,0.216
197,0.24
198,0.26
199,0.264
200,0.316
201,0.312
202,0.284
203,0.272
204,0.324
205,0.288
206,0.26
207,0.268
208,0.256
209,0.276
210,0.276
211,0.264
212,0.284
213,0.3
214,0.3
215,0.308
216,0.356
217,0.368
218,0.348
219,0.356
220,0.348
221,0.312
222,0.28
223,0.272
224,0.284
225,0.304
226,0.304
227,0.256
228,0.284
229,0.3
230,0.292
231,0.332
232,0.344
233,0.356
234,0.296
235,0.32
236,0.308
237,0.32
238,0.34
239,0.34
240,0.324
241,0.328
242,0.296
243,0.304
244,0.324
245,0.324
246,0.296
247,0.3
248,0.284
249,0.308
250,0.316
251,0.304
252,0.28
253,0.32
254,0.336
255,0.344
256,0.328
257,0.328
258,0.304
259,0.308
260,0.32
261,0.3
262,0.312
263,0.296
264,0.276
265,0.308
266,0.3
267,0.284
268,0.32
269,0.316
270,0.328
271,0.308
272,0.296
273,0.332
274,0.3
275,0.308
276,0.312
277,0.312
278,0.316
279,0.336
280,0.352
281,0.336
282,0.312
283,0.264
284,0.268
285,0.276
286,0.28
287,0.256
288,0.268
289,0.308
290,0.304
291,0.312
292,0.34
293,0.328
294,0.344
295,0.32
296,0.336
297,0.324
298,0.292
299,0.288
300,0.28
301,0.292
302,0.3
303,0.312
304,0.32
305,0.348
306,0.316
307,0.316
308,0.3
309,0.312
310,0.28
311,0.3
312,0.32
313,0.336
314,0.328
315,0.3
316,0.332
317,0.304
318,0.28
319,0.248
320,0.276
321,0.252
322,0.28
323,0.276
324,0.3
325,0.284
326,0.272
327,0.268
328,0.272
329,0.244
330,0.256
331,0.232
332,0.232
333,0.28
334,0.248
335,0.28
336,0.24
337,0.216
338,0.252
339,0.26
340,0.248
341,0.228
342,0.22
343,0.236
344,0.22
345,0.244
346,0.272
347,0.24
348,0.236
349,0.268
350,0.244
351,0.256
352,0.264
353,0.296
354,0.304
355,0.308
356,0.28
357,0.252
358,0.252
359,0.256
360,0.272
361,0.264
362,0.288
363,0.272
364,0.252
365,0.272
366,0.292
367,0.3
368,0.268
369,0.248
370,0.244
371,0.264
372,0.3
373,0.32
374,0.32
375,0.328
376,0.32
377,0.304
378,0.292
379,0.308
380,0.296
381,0.324
382,0.368
383,0.328
384,0.276
385,0.308
386,0.308
387,0.316
388,0.32
389,0.34
390,0.316
391,0.288
392,0.312
393,0.312
394,0.312
395,0.272
396,0.28
397,0.288
398,0.248
399,0.268
400,0.276
401,0.272
402,0.304
403,0.328
404,0.32
405,0.304
406,0.312
407,0.312
408,0.284
409,0.272
410,0.248
411,0.24
412,0.236
413,0.22
414,0.228
415,0.228
416,0.232
417,0.228
418,0.212
419,0.208
420,0.24
421,0.252
422,0.248
423,0.256
424,0.252
425,0.272
426,0.28
427,0.3
428,0.312
429,0.316
430,0.272
431,0.288
432,0.316
433,0.292
434,0.304
435,0.284
436,0.268
437,0.232
438,0.256
439,0.252
440,0.252
441,0.224
442,0.228
443,0.24
444,0.24
445,0.256
446,0.276
447,0.264
448,0.264
449,0.264
450,0.256
451,0.292
452,0.336
453,0.288
454,0.236
455,0.244
456,0.252
457,0.26
458,0.276
459,0.288
460,0.324
461,0.3
462,0.272
463,0.284
464,0.284
465,0.28
466,0.28
467,0.272
468,0.248
469,0.276
470,0.264
471,0.284
472,0.324
473,0.32
474,0.324
475,0.348
476,0.36
477,0.364
478,0.356
479,0.368
480,0.352
481,0.372
482,0.34
483,0.316
484,0.308
485,0.332
486,0.348
487,0.336
488,0.324
489,0.34
490,0.344
491,0.364
492,0.348
493,0.34
494,0.304
495,0.34
496,0.312
497,0.292
498,0.296
499,0.276
500,0.248
501,0.284
502,0.284
503,0.312
504,0.316
505,0.264
506,0.256
507,0.22
508,0.224
509,0.248
510,0.22
511,0.24
512,0.26
513,0.264
514,0.28
515,0.284
516,0.276
517,0.312
518,0.292
519,0.312
520,0.316
521,0.296
522,0.264
523,0.224
524,0.26
525,0.28
526,0.268
527,0.312
528,0.268
529,0.26
530,0.236
531,0.248
532,0.308
533,0.308
534,0.332
535,0.336
536,0.356
537,0.352
538,0.356
539,0.308
540,0.292
541,0.272
542,0.288
543,0.292
544,0.308
545,0.296
546,0.288
547,0.304
548,0.336
549,0.328
550,0.28
551,0.276
552,0.32
553,0.348
554,0.324
555,0.324
556,0.304
557,0.288
558,0.316
559,0.304
560,0.268
561,0.296
562,0.272
563,0.324
564,0.344
565,0.332
566,0.312
567,0.308
568,0.316
569,0.304
570,0.308
571,0.312
572,0.308
573,0.312
574,0.32
575,0.292
576,0.288
577,0.272
578,0.256
579,0.248
580,0.268
581,0.26
582,0.284
583,0.26
584,0.276
585,0.248
586,0.256
587,0.252
588,0.228
589,0.26
590,0.276
591,0.28
592,0.312
593,0.348
594,0.332
595,0.272
596,0.256
597,0.256
598,0.26
599,0.244
600,0.236
601,0.232
602,0.22
603,0.224
604,0.248
605,0.26
606,0.236
607,0.26
608,0.28
609,0.32
610,0.316
611,0.312
612,0.292
613,0.264
614,0.264
615,0.292
616,0.32
617,0.272
618,0.312
619,0.348
620,0.308
621,0.304
622,0.312
623,0.288
624,0.268
625,0.232
626,0.268
627,0.236
628,0.232
629,0.252
630,0.248
631,0.264
632,0.252
633,0.268
634,0.244
635,0.256
636,0.248
637,0.264
638,0.264
639,0.264
640,0.248
641,0.276
642,0.316
643,0.304
644,0.32
645,0.304
646,0.308
647,0.312
648,0.28
649,0.304
650,0.336
651,0.368
652,0.344
653,0.304
654,0.296
655,0.308
656,0.312
657,0.284
658,0.28
659,0.288
660,0.308
661,0.308
662,0.284
663,0.276
664,0.3
665,0.352
666,0.336
667,0.308
668,0.288
669,0.32
670,0.28
671,0.324
672,0.28
673,0.284
674,0.276
675,0.3
676,0.336
677,0.348
678,0.368
679,0.356
680,0.316
681,0.288
682,0.268
683,0.312
684,0.34
685,0.348
686,0.316
687,0.332
688,0.308
689,0.336
690,0.296
691,0.308
692,0.36
693,0.36
694,0.328
695,0.34
696,0.376
697,0.352
698,0.372
699,0.4
700,0.38
701,0.376
702,0.396
703,0.388
704,0.316
705,0.332
706,0.336
707,0.32
708,0.288
709,0.268
710,0.284
711,0.296
712,0.304
713,0.324
714,0.308
715,0.324
716,0.348
717,0.344
718,0.352
719,0.34
720,0.372
721,0.364
722,0.332
723,0.34
724,0.324
725,0.364
726,0.312
727,0.292
728,0.272
729,0.236
730,0.24
731,0.236
732,0.24
733,0.264
734,0.284
735,0.26
736,0.256
737,0.264
738,0.272
739,0.296
740,0.288
741,0.28
742,0.26
743,0.24
744,0.256
745,0.252
746,0.3
747,0.28
748,0.304
749,0.292
750,0.304
751,0.336
752,0.328
753,0.352
754,0.372
755,0.352
756,0.344
757,0.344
758,0.312
759,0.264
760,0.288
761,0.308
762,0.248
763,0.248
764,0.264
765,0.244
766,0.224
767,0.228
768,0.236
769,0.224
770,0.264
771,0.264
772,0.256
773,0.256
774,0.308
775,0.268
776,0.272
777,0.28
778,0.276
779,0.292
780,0.28
781,0.288
782,0.288
783,0.248
784,0.244
785,0.26
786,0.268
787,0.284
788,0.304
789,0.296
790,0.28
791,0.288
792,0.264
793,0.296
794,0.296
795,0.304
796,0.276
797,0.288
798,0.308
799,0.284
800,0.32
801,0.292
802,0.252
803,0.296
804,0.252
805,0.272
806,0.268
807,0.268
808,0.288
809,0.32
810,0.328
811,0.312
812,0.3
813,0.268
814,0.292
815,0.296
816,0.292
817,0.308
818,0.288
819,0.324
820,0.34
821,0.356
822,0.324
823,0.32
824,0.304
825,0.264
826,0.288
827,0.3
828,0.284
829,0.3
830,0.296
831,0.308
832,0.308
833,0.328
834,0.356
835,0.34
836,0.336
837,0.344
838,0.332
839,0.352
840,0.36
841,0.38
842,0.324
843,0.336
844,0.316
845,0.316
846,0.288
847,0.244
848,0.248
849,0.252
850,0.28
851,0.3
852,0.296
853,0.288
854,0.284
855,0.304
856,0.292
857,0.272
858,0.28
859,0.276
860,0.284
861,0.276
862,0.272
863,0.276
864,0.248
865,0.26
866,0.292
867,0.284
868,0.284
869,0.264
870,0.252
871,0.248
872,0.26
873,0.256
874,0.268
875,0.268
876,0.252
877,0.26
878,0.248
879,0.224
880,0.244
881,0.256
882,0.256
883,0.304
884,0.272
885,0.288
886,0.268
887,0.296
888,0.272
889,0.268
890,0.26
891,0.268
892,0.292
893,0.272
894,0.252
895,0.232
896,0.26
897,0.26
898,0.264
899,0.244
900,0.236
901,0.244
902,0.272
903,0.276
904,0.256
905,0.248
906,0.284
907,0.272
908,0.296
909,0.284
910,0.256
911,0.232
912,0.232
913,0.224
914,0.244
915,0.244
916,0.272
917,0.26
918,0.252
919,0.272
920,0.272
921,0.284
922,0.272
923,0.26
924,0.252
925,0.228
926,0.236
927,0.244
928,0.236
929,0.248
930,0.252
931,0.252
932,0.248
933,0.26
934,0.264
935,0.272
936,0.28
937,0.308
938,0.296
939,0.292
940,0.276
941,0.264
942,0.236
943,0.22
944,0.236
945,0.256
946,0.252
947,0.236
948,0.248
949,0.268
950,0.248
951,0.236
952,0.208
953,0.196
954,0.232
955,0.256
956,0.272
957,0.336
958,0.344
959,0.328
960,0.344
961,0.332
962,0.328
963,0.284
964,0.276
965,0.3
966,0.288
967,0.288
968,0.3
969,0.32
970,0.284
971,0.3
972,0.24
973,0.26
974,0.256
975,0.252
976,0.28
977,0.324
978,0.284
979,0.276
980,0.28
981,0.32
982,0.316
983,0.292
984,0.264
985,0.268
986,0.292
987,0.308
988,0.36
989,0.376
990,0.344
991,0.348
992,0.32
993,0.348
994,0.292
995,0.308
996,0.312
997,0.328
998,0.352
999,0.344
1000,0.332
