,M+1,M+2,M+3,M+4
0,0.0,0.0,0.0,0.0
1,0.0,0.0,0.0,0.0
2,0.0,0.0,0.0,0.0
3,0.0,0.0,0.0,0.0
4,0.0,0.0,0.0,0.0
5,0.0,0.0,0.0,0.0
6,0.0,0.0,0.0,0.0
7,0.0,0.0,0.0,0.0
8,0.0,0.0,0.0,0.0
9,0.0,0.02,0.0,0.0
10,0.0,0.02,0.0,0.0
11,0.0,0.02,0.0,0.0
12,0.0,0.04,0.0,0.0
13,0.0,0.04,0.0,0.0
14,0.0,0.06,0.0,0.0
15,0.0,0.08,0.0,0.0
16,0.0,0.06,0.0,0.0
17,0.0,0.1,0.0,0.0
18,0.0,0.12,0.0,0.0
19,0.0,0.08,0.0,0.0
20,0.0,0.12,0.0,0.0
21,0.0,0.12,0.0,0.0
22,0.0,0.14,0.0,0.0
23,0.0,0.2,0.0,0.0
24,0.0,0.22,0.0,0.0
25,0.0,0.24,0.0,0.0
26,0.0,0.24,0.0,0.0
27,0.0,0.26,0.0,0.0
28,0.0,0.26,0.0,0.0
29,0.0,0.28,0.0,0.0
30,0.0,0.26,0.0,0.0
31,0.0,0.26,0.0,0.0
32,0.0,0.24,0.02,0.0
33,0.0,0.24,0.02,0.0
34,0.0,0.22,0.02,0.0
35,0.0,0.28,0.02,0.0
36,0.0,0.24,0.02,0.0
37,0.0,0.26,0.02,0.0
38,0.0,0.28,0.02,0.0
39,0.0,0.26,0.02,0.0
40,0.0,0.24,0.02,0.0
41,0.0,0.22,0.02,0.0
42,0.0,0.24,0.02,0.0
43,0.0,0.24,0.04,0.0
44,0.0,0.28,0.04,0.0
45,0.0,0.3,0.02,0.0
46,0.0,0.3,0.02,0.0
47,0.0,0.34,0.02,0.0
48,0.0,0.36,0.02,0.0
49,0.0,0.38,0.04,0.0
50,0.0,0.4,0.02,0.0
51,0.0,0.4,0.02,0.0
52,0.0,0.36,0.04,0.0
53,0.0,0.38,0.04,0.0
54,0.0,0.38,0.06,0.0
55,0.0,0.34,0.08,0.0
56,0.0,0.3,0.08,0.0
57,0.0,0.34,0.1,0.0
58,0.0,0.3,0.12,0.0
59,0.0,0.26,0.14,0.0
60,0.0,0.22,0.14,0.0
61,0.0,0.22,0.14,0.0
62,0.0,0.24,0.12,0.0
63,0.0,0.24,0.14,0.0
64,0.0,0.3,0.14,0.0
65,0.0,0.3,0.16,0.0
66,0.0,0.26,0.18,0.0
67,0.0,0.26,0.16,0.0
68,0.0,0.24,0.18,0.02
69,0.0,0.22,0.2,0.02
70,0.0,0.3,0.14,0.02
71,0.0,0.28,0.16,0.02
72,0.0,0.26,0.18,0.02
73,0.0,0.32,0.14,0.02
74,0.0,0.36,0.14,0.02
75,0.0,0.36,0.14,0.02
76,0.0,0.36,0.12,0.02
77,0.0,0.3,0.12,0.02
78,0.0,0.36,0.14,0.0
79,0.0,0.36,0.18,0.0
80,0.0,0.34,0.18,0.02
81,0.0,0.36,0.18,0.02
82,0.0,0.4,0.16,0.02
83,0.0,0.42,0.16,0.04
84,0.0,0.42,0.16,0.04
85,0.0,0.42,0.16,0.04
86,0.0,0.38,0.22,0.04
87,0.0,0.38,0.22,0.04
88,0.0,0.4,0.22,0.02
89,0.0,0.4,0.16,0.02
90,0.0,0.38,0.18,0.02
91,0.0,0.36,0.18,0.02
92,0.0,0.32,0.16,0.02
93,0.0,0.34,0.16,0.02
94,0.0,0.34,0.18,0.02
95,0.0,0.38,0.16,0.02
96,0.0,0.36,0.18,0.02
97,0.0,0.36,0.16,0.02
98,0.0,0.36,0.12,0.02
99,0.0,0.34,0.1,0.02
100,0.0,0.36,0.1,0.0
101,0.0,0.36,0.12,0.0
102,0.0,0.38,0.12,0.0
103,0.0,0.38,0.14,0.0
104,0.0,0.36,0.16,0.0
105,0.0,0.4,0.18,0.0
106,0.0,0.42,0.12,0.0
107,0.0,0.42,0.14,0.0
108,0.0,0.38,0.16,0.0
109,0.0,0.32,0.18,0.0
110,0.0,0.36,0.16,0.0
111,0.0,0.38,0.16,0.0
112,0.0,0.34,0.16,0.0
113,0.0,0.32,0.2,0.0
114,0.0,0.32,0.22,0.0
115,0.0,0.32,0.24,0.0
116,0.0,0.3,0.22,0.0
117,0.0,0.32,0.18,0.0
118,0.0,0.32,0.2,0.0
119,0.0,0.34,0.18,0.0
120,0.0,0.32,0.2,0.0
121,0.0,0.34,0.2,0.0
122,0.0,0.34,0.18,0.0
123,0.0,0.34,0.2,0.0
124,0.0,0.3,0.2,0.0
125,0.0,0.3,0.18,0.0
126,0.0,0.34,0.18,0.0
127,0.0,0.36,0.18,0.0
128,0.0,0.4,0.16,0.0
129,0.0,0.4,0.16,0.0
130,0.0,0.34,0.14,0.0
131,0.0,0.36,0.14,0.02
132,0.0,0.36,0.12,0.04
133,0.0,0.34,0.12,0.06
134,0.0,0.34,0.1,0.08
135,0.0,0.36,0.1,0.1
136,0.0,0.3,0.1,0.08
137,0.0,0.26,0.1,0.08
138,0.0,0.24,0.1,0.08
139,0.0,0.26,0.12,0.08
140,0.0,0.3,0.12,0.06
141,0.0,0.28,0.1,0.04
142,0.0,0.24,0.12,0.02
143,0.0,0.24,0.1,0.02
144,0.0,0.26,0.1,0.02
145,0.0,0.24,0.1,0.02
146,0.0,0.28,0.08,0.04
147,0.0,0.3,0.1,0.02
148,0.0,0.28,0.1,0.02
149,0.0,0.28,0.08,0.02
150,0.0,0.28,0.06,0.02
151,0.0,0.34,0.06,0.02
152,0.0,0.3,0.1,0.0
153,0.0,0.32,0.12,0.0
154,0.0,0.28,0.16,0.0
155,0.0,0.3,0.12,0.0
156,0.0,0.32,0.12,0.02
157,0.0,0.24,0.2,0.04
158,0.0,0.24,0.16,0.06
159,0.0,0.22,0.18,0.06
160,0.0,0.18,0.24,0.06
161,0.0,0.18,0.24,0.06
162,0.0,0.18,0.24,0.06
163,0.0,0.2,0.2,0.06
164,0.0,0.22,0.16,0.06
165,0.0,0.3,0.16,0.06
166,0.0,0.24,0.16,0.06
167,0.0,0.18,0.14,0.06
168,0.0,0.18,0.12,0.06
169,0.0,0.2,0.14,0.04
170,0.0,0.2,0.14,0.04
171,0.0,0.22,0.14,0.04
172,0.0,0.2,0.16,0.04
173,0.0,0.2,0.16,0.02
174,0.0,0.2,0.14,0.02
175,0.0,0.24,0.12,0.02
176,0.0,0.24,0.12,0.02
177,0.0,0.24,0.12,0.02
178,0.0,0.26,0.14,0.02
179,0.0,0.26,0.16,0.02
180,0.0,0.24,0.16,0.02
181,0.0,0.26,0.18,0.02
182,0.0,0.3,0.24,0.02
183,0.0,0.36,0.18,0.02
184,0.0,0.36,0.14,0.02
185,0.0,0.32,0.18,0.02
186,0.0,0.32,0.18,0.02
187,0.0,0.32,0.18,0.02
188,0.0,0.4,0.2,0.0
189,0.0,0.38,0.2,0.04
190,0.0,0.46,0.16,0.04
191,0.0,0.42,0.18,0.06
192,0.0,0.4,0.2,0.06
193,0.0,0.4,0.22,0.06
194,0.0,0.44,0.18,0.06
195,0.0,0.44,0.16,0.06
196,0.0,0.44,0.12,0.06
197,0.0,0.42,0.12,0.08
198,0.0,0.4,0.12,0.08
199,0.0,0.4,0.1,0.08
200,0.0,0.4,0.12,0.06
201,0.0,0.46,0.1,0.04
202,0.0,0.46,0.1,0.04
203,0.0,0.5,0.08,0.02
204,0.0,0.48,0.08,0.02
205,0.0,0.44,0.08,0.02
206,0.0,0.48,0.1,0.0
207,0.0,0.42,0.1,0.0
208,0.0,0.44,0.12,0.0
209,0.0,0.48,0.14,0.0
210,0.0,0.46,0.14,0.0
211,0.0,0.44,0.12,0.0
212,0.0,0.4,0.12,0.0
213,0.0,0.34,0.12,0.0
214,0.0,0.3,0.12,0.02
215,0.0,0.32,0.08,0.02
216,0.0,0.28,0.1,0.02
217,0.0,0.3,0.12,0.02
218,0.0,0.3,0.14,0.02
219,0.0,0.34,0.14,0.02
220,0.0,0.32,0.12,0.04
221,0.0,0.3,0.12,0.06
222,0.0,0.28,0.12,0.06
223,0.0,0.28,0.08,0.06
224,0.0,0.26,0.08,0.06
225,0.0,0.26,0.12,0.06
226,0.0,0.24,0.12,0.04
227,0.0,0.24,0.12,0.06
228,0.0,0.2,0.1,0.04
229,0.0,0.22,0.12,0.04
230,0.0,0.22,0.1,0.02
231,0.0,0.24,0.1,0.02
232,0.0,0.26,0.12,0.02
233,0.0,0.2,0.2,0.02
234,0.0,0.22,0.2,0.02
235,0.0,0.24,0.22,0.02
236,0.0,0.24,0.24,0.0
237,0.0,0.22,0.28,0.02
238,0.0,0.24,0.28,0.02
239,0.0,0.2,0.32,0.04
240,0.0,0.22,0.34,0.04
241,0.0,0.22,0.32,0.04
242,0.0,0.3,0.28,0.02
243,0.0,0.28,0.28,0.04
244,0.0,0.32,0.28,0.04
245,0.0,0.32,0.3,0.06
246,0.0,0.32,0.3,0.06
247,0.0,0.3,0.34,0.06
248,0.0,0.32,0.32,0.06
249,0.0,0.32,0.3,0.06
250,0.0,0.32,0.28,0.06
251,0.0,0.36,0.28,0.06
252,0.0,0.36,0.28,0.06
253,0.0,0.36,0.28,0.06
254,0.0,0.32,0.28,0.08
255,0.0,0.3,0.3,0.08
256,0.0,0.32,0.28,0.08
257,0.0,0.32,0.24,0.06
258,0.0,0.32,0.24,0.06
259,0.0,0.26,0.28,0.06
260,0.0,0.22,0.3,0.06
261,0.0,0.2,0.3,0.04
262,0.0,0.2,0.28,0.02
263,0.0,0.16,0.32,0.02
264,0.0,0.16,0.3,0.02
265,0.0,0.12,0.3,0.02
266,0.0,0.1,0.32,0.02
267,0.0,0.12,0.3,0.04
268,0.0,0.14,0.26,0.04
269,0.0,0.16,0.26,0.04
270,0.0,0.14,0.26,0.04
271,0.0,0.14,0.26,0.02
272,0.0,0.18,0.24,0.02
273,0.0,0.16,0.24,0.02
274,0.0,0.2,0.2,0.02
275,0.0,0.18,0.18,0.02
276,0.0,0.16,0.18,0.02
277,0.0,0.14,0.18,0.02
278,0.0,0.1,0.18,0.02
279,0.0,0.12,0.22,0.02
280,0.0,0.16,0.22,0.02
281,0.0,0.16,0.2,0.04
282,0.0,0.16,0.18,0.06
283,0.0,0.14,0.2,0.08
284,0.0,0.18,0.2,0.06
285,0.0,0.16,0.26,0.08
286,0.0,0.16,0.22,0.1
287,0.0,0.14,0.3,0.1
288,0.0,0.18,0.28,0.08
289,0.0,0.18,0.24,0.06
290,0.0,0.16,0.28,0.06
291,0.0,0.2,0.26,0.04
292,0.0,0.2,0.26,0.02
293,0.0,0.22,0.24,0.04
294,0.0,0.22,0.22,0.04
295,0.0,0.2,0.2,0.08
296,0.0,0.2,0.2,0.08
297,0.0,0.16,0.2,0.14
298,0.0,0.16,0.2,0.12
299,0.0,0.18,0.24,0.1
300,0.0,0.18,0.22,0.08
301,0.0,0.16,0.18,0.08
302,0.0,0.16,0.2,0.04
303,0.0,0.16,0.2,0.08
304,0.0,0.16,0.2,0.08
305,0.0,0.16,0.24,0.08
306,0.0,0.16,0.2,0.08
307,0.0,0.14,0.16,0.08
308,0.0,0.14,0.18,0.08
309,0.0,0.14,0.18,0.08
310,0.0,0.14,0.22,0.08
311,0.0,0.14,0.24,0.1
312,0.0,0.14,0.24,0.12
313,0.0,0.18,0.22,0.1
314,0.0,0.22,0.18,0.1
315,0.0,0.22,0.18,0.1
316,0.0,0.2,0.16,0.1
317,0.0,0.24,0.16,0.1
318,0.0,0.24,0.18,0.08
319,0.0,0.22,0.14,0.1
320,0.0,0.2,0.14,0.08
321,0.0,0.18,0.16,0.06
322,0.0,0.16,0.16,0.06
323,0.0,0.16,0.18,0.04
324,0.0,0.16,0.14,0.04
325,0.0,0.14,0.16,0.04
326,0.0,0.12,0.16,0.06
327,0.0,0.12,0.16,0.06
328,0.0,0.12,0.16,0.08
329,0.0,0.14,0.16,0.08
330,0.0,0.16,0.18,0.08
331,0.0,0.18,0.18,0.06
332,0.0,0.18,0.16,0.06
333,0.0,0.16,0.12,0.06
334,0.0,0.2,0.1,0.08
335,0.0,0.14,0.12,0.1
336,0.0,0.12,0.14,0.1
337,0.0,0.14,0.14,0.12
338,0.0,0.16,0.12,0.12
339,0.0,0.14,0.12,0.1
340,0.0,0.18,0.14,0.1
341,0.0,0.2,0.14,0.06
342,0.0,0.2,0.1,0.04
343,0.0,0.2,0.1,0.04
344,0.0,0.24,0.12,0.06
345,0.0,0.2,0.1,0.06
346,0.0,0.16,0.1,0.06
347,0.0,0.18,0.1,0.06
348,0.0,0.18,0.14,0.04
349,0.0,0.24,0.12,0.04
350,0.0,0.24,0.16,0.04
351,0.0,0.22,0.18,0.04
352,0.0,0.22,0.22,0.02
353,0.0,0.22,0.24,0.04
354,0.0,0.28,0.2,0.04
355,0.0,0.3,0.22,0.06
356,0.0,0.3,0.2,0.06
357,0.0,0.28,0.18,0.08
358,0.0,0.26,0.18,0.08
359,0.0,0.24,0.2,0.04
360,0.0,0.26,0.18,0.06
361,0.0,0.3,0.18,0.06
362,0.0,0.32,0.2,0.04
363,0.0,0.32,0.22,0.04
364,0.0,0.34,0.26,0.04
365,0.0,0.36,0.24,0.04
366,0.0,0.4,0.2,0.04
367,0.0,0.38,0.24,0.02
368,0.0,0.3,0.22,0.02
369,0.0,0.24,0.22,0.02
370,0.0,0.2,0.2,0.04
371,0.0,0.22,0.2,0.02
372,0.0,0.24,0.2,0.0
373,0.0,0.26,0.2,0.0
374,0.0,0.26,0.22,0.0
375,0.0,0.2,0.26,0.02
376,0.0,0.22,0.22,0.02
377,0.0,0.26,0.22,0.02
378,0.0,0.22,0.24,0.02
379,0.0,0.22,0.22,0.04
380,0.0,0.2,0.22,0.04
381,0.0,0.22,0.22,0.02
382,0.0,0.22,0.26,0.04
383,0.0,0.22,0.24,0.04
384,0.0,0.16,0.22,0.06
385,0.0,0.16,0.24,0.06
386,0.0,0.2,0.2,0.04
387,0.0,0.18,0.2,0.04
388,0.0,0.16,0.24,0.04
389,0.0,0.18,0.22,0.06
390,0.0,0.18,0.22,0.06
391,0.0,0.18,0.22,0.06
392,0.0,0.18,0.26,0.06
393,0.0,0.2,0.28,0.06
394,0.0,0.2,0.28,0.06
395,0.0,0.2,0.28,0.08
396,0.0,0.16,0.3,0.1
397,0.0,0.18,0.34,0.08
398,0.0,0.18,0.3,0.08
399,0.0,0.18,0.24,0.06
400,0.0,0.2,0.22,0.06
401,0.0,0.2,0.24,0.06
402,0.0,0.22,0.22,0.06
403,0.0,0.2,0.24,0.08
404,0.0,0.14,0.24,0.06
405,0.0,0.16,0.2,0.06
406,0.0,0.16,0.16,0.08
407,0.0,0.12,0.16,0.08
408,0.0,0.12,0.16,0.1
409,0.0,0.12,0.16,0.1
410,0.0,0.18,0.16,0.06
411,0.0,0.18,0.18,0.06
412,0.0,0.18,0.16,0.06
413,0.0,0.2,0.18,0.08
414,0.0,0.26,0.14,0.08
415,0.0,0.24,0.14,0.08
416,0.0,0.22,0.1,0.08
417,0.0,0.24,0.12,0.08
418,0.0,0.24,0.12,0.08
419,0.0,0.22,0.12,0.08
420,0.0,0.22,0.12,0.06
421,0.0,0.22,0.12,0.06
422,0.0,0.2,0.1,0.08
423,0.0,0.2,0.08,0.08
424,0.0,0.26,0.08,0.1
425,0.0,0.28,0.08,0.06
426,0.0,0.28,0.06,0.06
427,0.0,0.26,0.08,0.06
428,0.0,0.3,0.08,0.04
429,0.0,0.34,0.12,0.02
430,0.0,0.34,0.14,0.04
431,0.0,0.38,0.16,0.02
432,0.0,0.36,0.16,0.02
433,0.0,0.4,0.16,0.02
434,0.0,0.38,0.16,0.02
435,0.0,0.32,0.16,0.04
436,0.0,0.3,0.14,0.06
437,0.0,0.3,0.14,0.06
438,0.0,0.3,0.14,0.04
439,0.0,0.32,0.12,0.06
440,0.0,0.3,0.1,0.06
441,0.0,0.3,0.12,0.04
442,0.0,0.3,0.1,0.04
443,0.0,0.3,0.1,0.02
444,0.0,0.28,0.06,0.0
445,0.0,0.26,0.06,0.0
446,0.0,0.26,0.06,0.0
447,0.0,0.28,0.04,0.0
448,0.0,0.3,0.06,0.0
449,0.0,0.34,0.06,0.0
450,0.0,0.26,0.06,0.0
451,0.0,0.26,0.06,0.0
452,0.0,0.26,0.08,0.0
453,0.0,0.28,0.08,0.0
454,0.0,0.3,0.1,0.0
455,0.0,0.3,0.12,0.0
456,0.0,0.28,0.14,0.0
457,0.0,0.26,0.14,0.0
458,0.0,0.24,0.12,0.04
459,0.0,0.24,0.18,0.02
460,0.0,0.2,0.18,0.04
461,0.0,0.22,0.2,0.04
462,0.0,0.22,0.2,0.04
463,0.0,0.2,0.18,0.04
464,0.0,0.2,0.18,0.04
465,0.0,0.22,0.18,0.04
466,0.0,0.22,0.18,0.06
467,0.0,0.26,0.18,0.04
468,0.0,0.26,0.22,0.04
469,0.0,0.3,0.24,0.04
470,0.0,0.3,0.26,0.04
471,0.0,0.36,0.2,0.04
472,0.0,0.38,0.2,0.02
473,0.0,0.36,0.16,0.04
474,0.0,0.34,0.2,0.04
475,0.0,0.34,0.2,0.08
476,0.0,0.34,0.22,0.1
477,0.0,0.32,0.24,0.12
478,0.0,0.34,0.24,0.12
479,0.0,0.3,0.24,0.08
480,0.0,0.3,0.22,0.1
481,0.0,0.28,0.24,0.08
482,0.0,0.28,0.24,0.1
483,0.0,0.26,0.22,0.12
484,0.0,0.28,0.24,0.1
485,0.0,0.3,0.2,0.12
486,0.0,0.26,0.2,0.14
487,0.0,0.28,0.2,0.12
488,0.0,0.24,0.2,0.12
489,0.0,0.2,0.18,0.12
490,0.0,0.2,0.18,0.14
491,0.0,0.22,0.18,0.12
492,0.0,0.18,0.18,0.14
493,0.0,0.18,0.1,0.16
494,0.0,0.2,0.08,0.14
495,0.0,0.16,0.14,0.14
496,0.0,0.18,0.16,0.18
497,0.0,0.14,0.18,0.2
498,0.0,0.12,0.16,0.24
499,0.0,0.12,0.18,0.22
500,0.0,0.12,0.2,0.24
501,0.0,0.12,0.2,0.2
502,0.0,0.12,0.22,0.2
503,0.0,0.12,0.18,0.2
504,0.0,0.12,0.2,0.18
505,0.0,0.14,0.18,0.14
506,0.0,0.16,0.2,0.14
507,0.0,0.14,0.2,0.14
508,0.0,0.16,0.2,0.16
509,0.0,0.18,0.2,0.16
510,0.0,0.14,0.18,0.16
511,0.0,0.14,0.18,0.16
512,0.0,0.18,0.18,0.16
513,0.0,0.22,0.18,0.16
514,0.0,0.24,0.16,0.18
515,0.0,0.24,0.14,0.16
516,0.0,0.3,0.1,0.14
517,0.0,0.32,0.08,0.14
518,0.0,0.28,0.14,0.1
519,0.0,0.22,0.14,0.12
520,0.0,0.2,0.12,0.12
521,0.0,0.2,0.14,0.14
522,0.0,0.18,0.12,0.18
523,0.0,0.16,0.1,0.18
524,0.0,0.16,0.08,0.18
525,0.0,0.2,0.06,0.16
526,0.0,0.14,0.06,0.18
527,0.0,0.12,0.06,0.14
528,0.0,0.14,0.08,0.14
529,0.0,0.14,0.1,0.16
530,0.0,0.14,0.06,0.18
531,0.0,0.16,0.08,0.18
532,0.0,0.18,0.04,0.18
533,0.0,0.18,0.06,0.16
534,0.0,0.16,0.08,0.18
535,0.0,0.14,0.08,0.18
536,0.0,0.1,0.1,0.18
537,0.0,0.12,0.12,0.18
538,0.0,0.14,0.1,0.24
539,0.0,0.14,0.1,0.22
540,0.0,0.16,0.08,0.22
541,0.0,0.2,0.06,0.22
542,0.0,0.2,0.08,0.16
543,0.0,0.18,0.08,0.16
544,0.0,0.16,0.08,0.14
545,0.0,0.14,0.08,0.12
546,0.0,0.14,0.1,0.14
547,0.0,0.2,0.08,0.12
548,0.0,0.2,0.06,0.1
549,0.0,0.2,0.04,0.08
550,0.0,0.2,0.06,0.1
551,0.0,0.18,0.08,0.08
552,0.0,0.22,0.08,0.06
553,0.0,0.2,0.08,0.12
554,0.0,0.22,0.06,0.14
555,0.0,0.24,0.06,0.16
556,0.0,0.22,0.06,0.18
557,0.0,0.24,0.06,0.18
558,0.0,0.22,0.06,0.18
559,0.0,0.26,0.06,0.18
560,0.0,0.22,0.08,0.18
561,0.0,0.24,0.08,0.16
562,0.0,0.24,0.08,0.16
563,0.0,0.28,0.1,0.12
564,0.0,0.3,0.1,0.12
565,0.0,0.3,0.12,0.12
566,0.0,0.32,0.1,0.12
567,0.0,0.32,0.08,0.12
568,0.0,0.34,0.08,0.1
569,0.0,0.36,0.06,0.1
570,0.0,0.4,0.06,0.1
571,0.0,0.42,0.06,0.1
572,0.0,0.42,0.06,0.1
573,0.0,0.44,0.06,0.1
574,0.0,0.42,0.06,0.08
575,0.0,0.44,0.1,0.06
576,0.0,0.42,0.12,0.08
577,0.0,0.4,0.16,0.08
578,0.0,0.36,0.16,0.1
579,0.0,0.38,0.16,0.08
580,0.0,0.38,0.14,0.08
581,0.0,0.34,0.16,0.08
582,0.0,0.34,0.16,0.08
583,0.0,0.34,0.14,0.08
584,0.0,0.32,0.16,0.08
585,0.0,0.32,0.16,0.08
586,0.0,0.3,0.16,0.06
587,0.0,0.28,0.14,0.06
588,0.0,0.3,0.16,0.06
589,0.0,0.32,0.18,0.06
590,0.0,0.32,0.18,0.06
591,0.0,0.38,0.16,0.04
592,0.0,0.34,0.16,0.04
593,0.0,0.34,0.14,0.04
594,0.0,0.34,0.16,0.04
595,0.0,0.34,0.16,0.04
596,0.0,0.32,0.16,0.04
597,0.0,0.32,0.16,0.02
598,0.0,0.3,0.14,0.02
599,0.0,0.32,0.16,0.02
600,0.0,0.24,0.2,0.04
601,0.0,0.32,0.18,0.02
602,0.0,0.32,0.2,0.02
603,0.0,0.32,0.16,0.04
604,0.0,0.32,0.22,0.04
605,0.0,0.32,0.2,0.04
606,0.0,0.3,0.24,0.04
607,0.0,0.3,0.18,0.04
608,0.0,0.26,0.18,0.04
609,0.0,0.28,0.16,0.04
610,0.0,0.3,0.16,0.04
611,0.0,0.3,0.14,0.04
612,0.0,0.34,0.12,0.04
613,0.0,0.34,0.12,0.04
614,0.0,0.32,0.12,0.04
615,0.0,0.28,0.1,0.06
616,0.0,0.26,0.1,0.06
617,0.0,0.28,0.08,0.04
618,0.0,0.28,0.08,0.04
619,0.0,0.26,0.1,0.0
620,0.0,0.22,0.12,0.0
621,0.0,0.2,0.1,0.02
622,0.0,0.24,0.08,0.06
623,0.0,0.28,0.08,0.06
624,0.0,0.28,0.08,0.06
625,0.0,0.28,0.1,0.04
626,0.0,0.28,0.1,0.04
627,0.0,0.28,0.1,0.04
628,0.0,0.26,0.12,0.02
629,0.0,0.3,0.12,0.04
630,0.0,0.28,0.14,0.04
631,0.0,0.26,0.16,0.06
632,0.0,0.26,0.22,0.02
633,0.0,0.28,0.22,0.02
634,0.0,0.26,0.24,0.02
635,0.0,0.28,0.22,0.02
636,0.0,0.28,0.2,0.02
637,0.0,0.3,0.2,0.0
638,0.0,0.26,0.2,0.02
639,0.0,0.3,0.22,0.02
640,0.0,0.28,0.22,0.02
641,0.0,0.28,0.24,0.02
642,0.0,0.22,0.24,0.04
643,0.0,0.24,0.2,0.06
644,0.0,0.22,0.2,0.06
645,0.0,0.26,0.18,0.06
646,0.0,0.26,0.14,0.08
647,0.0,0.22,0.14,0.08
648,0.0,0.22,0.14,0.06
649,0.0,0.22,0.16,0.06
650,0.0,0.18,0.18,0.06
651,0.0,0.18,0.2,0.1
652,0.0,0.16,0.22,0.1
653,0.0,0.22,0.18,0.1
654,0.0,0.18,0.22,0.08
655,0.0,0.18,0.24,0.06
656,0.0,0.18,0.26,0.06
657,0.0,0.24,0.26,0.06
658,0.0,0.26,0.24,0.04
659,0.0,0.24,0.24,0.04
660,0.0,0.26,0.24,0.04
661,0.0,0.26,0.22,0.08
662,0.0,0.26,0.22,0.06
663,0.0,0.22,0.22,0.06
664,0.0,0.24,0.18,0.08
665,0.0,0.24,0.2,0.08
666,0.0,0.24,0.2,0.08
667,0.0,0.26,0.22,0.08
668,0.0,0.26,0.2,0.08
669,0.0,0.28,0.18,0.06
670,0.0,0.26,0.2,0.08
671,0.0,0.28,0.16,0.06
672,0.0,0.3,0.2,0.04
673,0.0,0.26,0.22,0.04
674,0.0,0.28,0.2,0.04
675,0.0,0.32,0.16,0.04
676,0.0,0.3,0.14,0.04
677,0.0,0.26,0.14,0.06
678,0.0,0.3,0.14,0.04
679,0.0,0.28,0.14,0.04
680,0.0,0.24,0.16,0.06
681,0.0,0.24,0.18,0.1
682,0.0,0.28,0.2,0.06
683,0.0,0.28,0.16,0.08
684,0.0,0.3,0.16,0.06
685,0.0,0.3,0.18,0.06
686,0.0,0.32,0.18,0.06
687,0.0,0.32,0.16,0.06
688,0.0,0.3,0.16,0.06
689,0.0,0.26,0.24,0.04
690,0.0,0.26,0.24,0.06
691,0.0,0.26,0.28,0.08
692,0.0,0.26,0.28,0.1
693,0.0,0.28,0.26,0.12
694,0.0,0.26,0.24,0.1
695,0.0,0.26,0.26,0.08
696,0.0,0.24,0.22,0.06
697,0.0,0.26,0.18,0.06
698,0.0,0.26,0.2,0.08
699,0.0,0.32,0.18,0.04
700,0.0,0.32,0.16,0.04
701,0.0,0.3,0.16,0.04
702,0.0,0.32,0.18,0.06
703,0.0,0.28,0.18,0.06
704,0.0,0.26,0.18,0.06
705,0.0,0.24,0.16,0.04
706,0.0,0.28,0.16,0.04
707,0.0,0.32,0.16,0.02
708,0.0,0.26,0.16,0.04
709,0.0,0.24,0.18,0.04
710,0.0,0.22,0.22,0.02
711,0.0,0.2,0.22,0.04
712,0.0,0.18,0.22,0.04
713,0.0,0.16,0.22,0.04
714,0.0,0.18,0.26,0.04
715,0.0,0.16,0.24,0.04
716,0.0,0.14,0.24,0.02
717,0.0,0.08,0.26,0.02
718,0.0,0.12,0.24,0.04
719,0.0,0.12,0.24,0.06
720,0.0,0.1,0.24,0.06
721,0.0,0.12,0.24,0.04
722,0.0,0.14,0.2,0.02
723,0.0,0.16,0.16,0.04
724,0.0,0.14,0.16,0.04
725,0.0,0.14,0.14,0.08
726,0.0,0.18,0.14,0.06
727,0.0,0.16,0.14,0.06
728,0.0,0.16,0.2,0.04
729,0.0,0.16,0.22,0.02
730,0.0,0.18,0.2,0.02
731,0.0,0.24,0.22,0.0
732,0.0,0.24,0.2,0.0
733,0.0,0.26,0.18,0.0
734,0.0,0.22,0.2,0.0
735,0.0,0.18,0.2,0.0
736,0.0,0.2,0.22,0.02
737,0.0,0.18,0.22,0.02
738,0.0,0.2,0.22,0.02
739,0.0,0.2,0.22,0.04
740,0.0,0.26,0.18,0.04
741,0.0,0.24,0.18,0.06
742,0.0,0.26,0.14,0.06
743,0.0,0.28,0.14,0.04
744,0.0,0.28,0.16,0.04
745,0.0,0.32,0.14,0.04
746,0.0,0.28,0.14,0.06
747,0.0,0.26,0.1,0.08
748,0.0,0.28,0.1,0.08
749,0.0,0.28,0.1,0.06
750,0.0,0.3,0.1,0.04
751,0.0,0.3,0.1,0.04
752,0.0,0.34,0.08,0.04
753,0.0,0.36,0.08,0.04
754,0.0,0.38,0.1,0.02
755,0.0,0.44,0.1,0.02
756,0.0,0.4,0.12,0.04
757,0.0,0.38,0.14,0.04
758,0.0,0.36,0.18,0.04
759,0.0,0.3,0.22,0.04
760,0.0,0.34,0.18,0.02
761,0.0,0.32,0.2,0.02
762,0.0,0.32,0.22,0.02
763,0.0,0.34,0.2,0.02
764,0.0,0.34,0.2,0.02
765,0.0,0.36,0.2,0.02
766,0.0,0.32,0.22,0.06
767,0.0,0.28,0.24,0.06
768,0.0,0.24,0.24,0.06
769,0.0,0.24,0.2,0.06
770,0.0,0.22,0.2,0.04
771,0.0,0.22,0.2,0.04
772,0.0,0.24,0.14,0.04
773,0.0,0.2,0.14,0.06
774,0.0,0.18,0.14,0.06
775,0.0,0.14,0.14,0.08
776,0.0,0.14,0.16,0.1
777,0.0,0.18,0.12,0.1
778,0.0,0.22,0.08,0.12
779,0.0,0.26,0.1,0.1
780,0.0,0.22,0.08,0.1
781,0.0,0.24,0.14,0.1
782,0.0,0.22,0.14,0.1
783,0.0,0.22,0.16,0.08
784,0.0,0.18,0.16,0.06
785,0.0,0.2,0.2,0.06
786,0.0,0.24,0.2,0.06
787,0.0,0.28,0.2,0.06
788,0.0,0.32,0.2,0.08
789,0.0,0.3,0.24,0.08
790,0.0,0.32,0.2,0.06
791,0.0,0.3,0.18,0.06
792,0.0,0.32,0.14,0.06
793,0.0,0.32,0.16,0.02
794,0.0,0.28,0.16,0.02
795,0.0,0.3,0.16,0.02
796,0.0,0.34,0.14,0.02
797,0.0,0.32,0.16,0.02
798,0.0,0.28,0.2,0.02
799,0.0,0.26,0.18,0.02
800,0.0,0.22,0.2,0.02
801,0.0,0.26,0.2,0.02
802,0.0,0.3,0.22,0.02
803,0.0,0.26,0.24,0.04
804,0.0,0.22,0.26,0.04
805,0.0,0.28,0.18,0.04
806,0.0,0.28,0.18,0.04
807,0.0,0.26,0.18,0.04
808,0.0,0.28,0.18,0.04
809,0.0,0.32,0.18,0.06
810,0.0,0.36,0.2,0.06
811,0.0,0.3,0.22,0.06
812,0.0,0.34,0.22,0.04
813,0.0,0.36,0.18,0.04
814,0.0,0.36,0.2,0.04
815,0.0,0.32,0.26,0.04
816,0.0,0.28,0.26,0.04
817,0.0,0.28,0.24,0.04
818,0.0,0.3,0.22,0.04
819,0.0,0.32,0.18,0.04
820,0.0,0.24,0.2,0.06
821,0.0,0.18,0.24,0.08
822,0.0,0.18,0.26,0.08
823,0.0,0.18,0.26,0.08
824,0.0,0.22,0.28,0.08
825,0.0,0.24,0.3,0.08
826,0.0,0.26,0.3,0.08
827,0.0,0.26,0.32,0.04
828,0.0,0.26,0.34,0.06
829,0.0,0.3,0.28,0.06
830,0.0,0.32,0.28,0.06
831,0.0,0.32,0.28,0.06
832,0.0,0.26,0.32,0.06
833,0.0,0.24,0.3,0.06
834,0.0,0.24,0.32,0.04
835,0.0,0.2,0.36,0.06
836,0.0,0.2,0.32,0.06
837,0.0,0.18,0.3,0.08
838,0.0,0.16,0.32,0.08
839,0.0,0.2,0.3,0.06
840,0.0,0.18,0.24,0.06
841,0.0,0.18,0.22,0.06
842,0.0,0.16,0.22,0.06
843,0.0,0.2,0.2,0.06
844,0.0,0.24,0.2,0.08
845,0.0,0.26,0.18,0.08
846,0.0,0.22,0.14,0.08
847,0.0,0.22,0.16,0.08
848,0.0,0.22,0.2,0.06
849,0.0,0.22,0.2,0.06
850,0.0,0.2,0.2,0.06
851,0.0,0.2,0.18,0.08
852,0.0,0.16,0.2,0.08
853,0.0,0.18,0.2,0.08
854,0.0,0.18,0.22,0.06
855,0.0,0.2,0.18,0.04
856,0.0,0.2,0.2,0.02
857,0.0,0.2,0.22,0.04
858,0.0,0.18,0.2,0.04
859,0.0,0.22,0.22,0.04
860,0.0,0.22,0.16,0.04
861,0.0,0.24,0.16,0.04
862,0.0,0.24,0.18,0.04
863,0.0,0.24,0.16,0.02
864,0.0,0.24,0.18,0.02
865,0.0,0.2,0.2,0.02
866,0.0,0.22,0.24,0.02
867,0.0,0.22,0.22,0.02
868,0.0,0.18,0.24,0.02
869,0.0,0.16,0.26,0.02
870,0.0,0.14,0.3,0.02
871,0.0,0.1,0.3,0.02
872,0.0,0.1,0.24,0.02
873,0.0,0.1,0.24,0.02
874,0.0,0.12,0.24,0.02
875,0.0,0.16,0.16,0.02
876,0.0,0.16,0.16,0.0
877,0.0,0.12,0.16,0.02
878,0.0,0.18,0.16,0.0
879,0.0,0.2,0.18,0.0
880,0.0,0.18,0.16,0.0
881,0.0,0.16,0.14,0.0
882,0.0,0.2,0.14,0.02
883,0.0,0.24,0.14,0.02
884,0.0,0.26,0.14,0.02
885,0.0,0.24,0.12,0.02
886,0.0,0.22,0.14,0.02
887,0.0,0.22,0.14,0.04
888,0.0,0.26,0.14,0.04
889,0.0,0.24,0.14,0.08
890,0.0,0.24,0.16,0.06
891,0.0,0.24,0.16,0.06
892,0.0,0.2,0.16,0.06
893,0.0,0.22,0.16,0.06
894,0.0,0.22,0.14,0.06
895,0.0,0.24,0.12,0.08
896,0.0,0.26,0.1,0.08
897,0.0,0.26,0.1,0.08
898,0.0,0.22,0.1,0.08
899,0.0,0.2,0.1,0.06
900,0.0,0.2,0.1,0.06
901,0.0,0.22,0.12,0.04
902,0.0,0.2,0.1,0.04
903,0.0,0.2,0.08,0.04
904,0.0,0.2,0.08,0.04
905,0.0,0.2,0.1,0.04
906,0.0,0.22,0.1,0.02
907,0.0,0.22,0.1,0.02
908,0.0,0.18,0.16,0.04
909,0.0,0.18,0.14,0.02
910,0.0,0.22,0.12,0.02
911,0.0,0.26,0.12,0.02
912,0.0,0.24,0.1,0.02
913,0.0,0.24,0.08,0.02
914,0.0,0.24,0.12,0.02
915,0.0,0.22,0.12,0.04
916,0.0,0.22,0.16,0.06
917,0.0,0.24,0.14,0.06
918,0.0,0.24,0.16,0.06
919,0.0,0.22,0.14,0.04
920,0.0,0.22,0.16,0.04
921,0.0,0.24,0.16,0.04
922,0.0,0.24,0.18,0.02
923,0.0,0.22,0.18,0.02
924,0.0,0.2,0.16,0.02
925,0.0,0.2,0.16,0.02
926,0.0,0.2,0.12,0.02
927,0.0,0.2,0.14,0.04
928,0.0,0.22,0.14,0.04
929,0.0,0.22,0.16,0.04
930,0.0,0.26,0.18,0.04
931,0.0,0.2,0.18,0.04
932,0.0,0.26,0.16,0.04
933,0.0,0.32,0.16,0.04
934,0.0,0.26,0.2,0.02
935,0.0,0.26,0.2,0.02
936,0.0,0.28,0.18,0.0
937,0.0,0.28,0.2,0.0
938,0.0,0.26,0.2,0.0
939,0.0,0.3,0.16,0.0
940,0.0,0.32,0.18,0.0
941,0.0,0.32,0.22,0.0
942,0.0,0.32,0.2,0.0
943,0.0,0.34,0.18,0.0
944,0.0,0.3,0.2,0.0
945,0.0,0.32,0.2,0.0
946,0.0,0.34,0.18,0.0
947,0.0,0.36,0.16,0.0
948,0.0,0.34,0.14,0.02
949,0.0,0.36,0.12,0.0
950,0.0,0.34,0.14,0.0
951,0.0,0.36,0.14,0.0
952,0.0,0.42,0.14,0.0
953,0.0,0.38,0.18,0.0
954,0.0,0.34,0.2,0.0
955,0.0,0.28,0.24,0.0
956,0.0,0.34,0.18,0.0
957,0.0,0.34,0.2,0.0
958,0.0,0.34,0.2,0.0
959,0.0,0.34,0.2,0.0
960,0.0,0.34,0.16,0.0
961,0.0,0.3,0.14,0.0
962,0.0,0.34,0.12,0.0
963,0.0,0.3,0.16,0.0
964,0.0,0.34,0.14,0.0
965,0.0,0.38,0.1,0.0
966,0.0,0.42,0.12,0.0
967,0.0,0.38,0.1,0.0
968,0.0,0.42,0.1,0.0
969,0.0,0.4,0.1,0.0
970,0.0,0.38,0.08,0.0
971,0.0,0.38,0.14,0.0
972,0.0,0.32,0.16,0.0
973,0.0,0.32,0.12,0.0
974,0.0,0.3,0.12,0.0
975,0.0,0.34,0.12,0.0
976,0.0,0.38,0.12,0.02
977,0.0,0.32,0.16,0.02
978,0.0,0.3,0.18,0.02
979,0.0,0.26,0.2,0.02
980,0.0,0.22,0.22,0.02
981,0.0,0.22,0.22,0.02
982,0.0,0.22,0.26,0.0
983,0.0,0.18,0.26,0.02
984,0.0,0.18,0.28,0.02
985,0.0,0.2,0.28,0.0
986,0.0,0.2,0.26,0.0
987,0.0,0.16,0.24,0.02
988,0.0,0.18,0.24,0.02
989,0.0,0.18,0.24,0.02
990,0.0,0.18,0.24,0.02
991,0.0,0.22,0.16,0.02
992,0.0,0.24,0.14,0.02
993,0.0,0.24,0.18,0.02
994,0.0,0.26,0.22,0.0
995,0.0,0.3,0.16,0.0
996,0.0,0.3,0.16,0.02
997,0.0,0.26,0.14,0.04
998,0.0,0.22,0.16,0.04
999,0.0,0.18,0.16,0.04
1000,0.0,0.18,0.18,0.04
